[0.037s] Invoking command in '/home/koki/openmanipulator_ws/build/dynamixel_sdk_examples': CMAKE_PREFIX_PATH=/home/koki/openmanipulator_ws/install/dynamixel_sdk_custom_interfaces:/home/koki/openmanipulator_ws/install/dynamixel_sdk:/home/koki/openmanipulator_ws/install/open_manipulator:/home/koki/openmanipulator_ws/install/open_manipulator_x_controller:/home/koki/openmanipulator_ws/install/open_manipulator_x_libs:/home/koki/openmanipulator_ws/install/robotis_manipulator:/home/koki/openmanipulator_ws/install/open_manipulator_x_description:/home/koki/openmanipulator_ws/install/open_manipulator_msgs:/home/koki/openmanipulator_ws/install/dynamixel_workbench:/home/koki/openmanipulator_ws/install/dynamixel_workbench_toolbox:/home/koki/openmanipulator_ws/install/dynamixel_sdk_examples:/home/koki/openmanipulator_ws/install/cmake_modules:/home/koki/openmanipulator_ws/install/open_manipulator_x_teleop:/opt/ros/humble LD_LIBRARY_PATH=/home/koki/openmanipulator_ws/install/dynamixel_sdk_custom_interfaces/lib:/home/koki/openmanipulator_ws/install/dynamixel_sdk/lib:/home/koki/openmanipulator_ws/install/open_manipulator_x_libs/lib:/home/koki/openmanipulator_ws/install/robotis_manipulator/lib:/home/koki/openmanipulator_ws/install/open_manipulator_msgs/lib:/home/koki/openmanipulator_ws/install/dynamixel_workbench_toolbox/lib:/usr/lib/x86_64-linux-gnu/gazebo-11/plugins:/opt/ros/humble/opt/rviz_ogre_vendor/lib:/opt/ros/humble/lib/x86_64-linux-gnu:/opt/ros/humble/lib:/usr/local/cuda/lib64 /usr/local/bin/cmake /home/koki/openmanipulator_ws/src/DynamixelSDK/dynamixel_sdk_examples -DAMENT_CMAKE_SYMLINK_INSTALL=1 -DCMAKE_INSTALL_PREFIX=/home/koki/openmanipulator_ws/install/dynamixel_sdk_examples
[0.065s] -- The C compiler identification is GNU 11.4.0
[0.096s] -- The CXX compiler identification is GNU 11.4.0
[0.101s] -- Detecting C compiler ABI info
[0.130s] -- Detecting C compiler ABI info - done
[0.136s] -- Check for working C compiler: /usr/bin/cc - skipped
[0.136s] -- Detecting C compile features
[0.136s] -- Detecting C compile features - done
[0.138s] -- Detecting CXX compiler ABI info
[0.170s] -- Detecting CXX compiler ABI info - done
[0.175s] -- Check for working CXX compiler: /usr/bin/c++ - skipped
[0.175s] -- Detecting CXX compile features
[0.175s] -- Detecting CXX compile features - done
[0.177s] -- Found ament_cmake: 1.3.6 (/opt/ros/humble/share/ament_cmake/cmake)
[0.280s] -- Found Python3: /usr/bin/python3.10 (found version "3.10.12") found components: Interpreter 
[0.315s] -- Override CMake install command with custom implementation using symlinks instead of copying resources
[0.334s] -- Found dynamixel_sdk: 3.7.60 (/home/koki/openmanipulator_ws/install/dynamixel_sdk/share/dynamixel_sdk/cmake)
[0.335s] -- Found dynamixel_sdk_custom_interfaces: 3.7.60 (/home/koki/openmanipulator_ws/install/dynamixel_sdk_custom_interfaces/share/dynamixel_sdk_custom_interfaces/cmake)
[0.359s] -- Found rosidl_generator_c: 3.1.5 (/opt/ros/humble/share/rosidl_generator_c/cmake)
[0.363s] -- Found rosidl_adapter: 3.1.5 (/opt/ros/humble/share/rosidl_adapter/cmake)
[0.367s] -- Found rosidl_generator_cpp: 3.1.5 (/opt/ros/humble/share/rosidl_generator_cpp/cmake)
[0.376s] -- Using all available rosidl_typesupport_c: rosidl_typesupport_fastrtps_c;rosidl_typesupport_introspection_c
[0.389s] -- Using all available rosidl_typesupport_cpp: rosidl_typesupport_fastrtps_cpp;rosidl_typesupport_introspection_cpp
[0.421s] -- Found rclcpp: 16.0.7 (/opt/ros/humble/share/rclcpp/cmake)
[0.457s] -- Found rmw_implementation_cmake: 6.1.1 (/opt/ros/humble/share/rmw_implementation_cmake/cmake)
[0.459s] -- Found rmw_fastrtps_cpp: 6.2.5 (/opt/ros/humble/share/rmw_fastrtps_cpp/cmake)
[0.507s] -- Found OpenSSL: /usr/local/lib/libcrypto.so (found version "1.1.1w")  
[0.523s] -- Found FastRTPS: /opt/ros/humble/include  
[0.551s] -- Using RMW implementation 'rmw_fastrtps_cpp' as default
[0.558s] -- Looking for pthread.h
[0.604s] -- Looking for pthread.h - found
[0.604s] -- Performing Test CMAKE_HAVE_LIBC_PTHREAD
[0.634s] -- Performing Test CMAKE_HAVE_LIBC_PTHREAD - Success
[0.635s] -- Found Threads: TRUE  
[0.727s] -- Found ament_lint_auto: 0.12.9 (/opt/ros/humble/share/ament_lint_auto/cmake)
[0.778s] -- Added test 'copyright' to check source files copyright and LICENSE
[0.779s] -- Added test 'cppcheck' to perform static code analysis on C / C++ code
[0.779s] -- Configured cppcheck include dirs: /home/koki/openmanipulator_ws/src/DynamixelSDK/dynamixel_sdk_examples/include
[0.779s] -- Configured cppcheck exclude dirs and/or files: 
[0.779s] -- Added test 'cpplint' to check C / C++ code against the Google style
[0.779s] -- Configured cpplint exclude dirs and/or files: 
[0.780s] -- Added test 'lint_cmake' to check CMake code style
[0.781s] -- Added test 'uncrustify' to check C / C++ code style
[0.781s] -- Configured uncrustify additional arguments: 
[0.781s] -- Added test 'xmllint' to check XML markup files
[0.782s] -- Configuring done
[0.787s] -- Generating done
[0.788s] -- Build files have been written to: /home/koki/openmanipulator_ws/build/dynamixel_sdk_examples
[0.793s] Invoked command in '/home/koki/openmanipulator_ws/build/dynamixel_sdk_examples' returned '0': CMAKE_PREFIX_PATH=/home/koki/openmanipulator_ws/install/dynamixel_sdk_custom_interfaces:/home/koki/openmanipulator_ws/install/dynamixel_sdk:/home/koki/openmanipulator_ws/install/open_manipulator:/home/koki/openmanipulator_ws/install/open_manipulator_x_controller:/home/koki/openmanipulator_ws/install/open_manipulator_x_libs:/home/koki/openmanipulator_ws/install/robotis_manipulator:/home/koki/openmanipulator_ws/install/open_manipulator_x_description:/home/koki/openmanipulator_ws/install/open_manipulator_msgs:/home/koki/openmanipulator_ws/install/dynamixel_workbench:/home/koki/openmanipulator_ws/install/dynamixel_workbench_toolbox:/home/koki/openmanipulator_ws/install/dynamixel_sdk_examples:/home/koki/openmanipulator_ws/install/cmake_modules:/home/koki/openmanipulator_ws/install/open_manipulator_x_teleop:/opt/ros/humble LD_LIBRARY_PATH=/home/koki/openmanipulator_ws/install/dynamixel_sdk_custom_interfaces/lib:/home/koki/openmanipulator_ws/install/dynamixel_sdk/lib:/home/koki/openmanipulator_ws/install/open_manipulator_x_libs/lib:/home/koki/openmanipulator_ws/install/robotis_manipulator/lib:/home/koki/openmanipulator_ws/install/open_manipulator_msgs/lib:/home/koki/openmanipulator_ws/install/dynamixel_workbench_toolbox/lib:/usr/lib/x86_64-linux-gnu/gazebo-11/plugins:/opt/ros/humble/opt/rviz_ogre_vendor/lib:/opt/ros/humble/lib/x86_64-linux-gnu:/opt/ros/humble/lib:/usr/local/cuda/lib64 /usr/local/bin/cmake /home/koki/openmanipulator_ws/src/DynamixelSDK/dynamixel_sdk_examples -DAMENT_CMAKE_SYMLINK_INSTALL=1 -DCMAKE_INSTALL_PREFIX=/home/koki/openmanipulator_ws/install/dynamixel_sdk_examples
[0.794s] Invoking command in '/home/koki/openmanipulator_ws/build/dynamixel_sdk_examples': CMAKE_PREFIX_PATH=/home/koki/openmanipulator_ws/install/dynamixel_sdk_custom_interfaces:/home/koki/openmanipulator_ws/install/dynamixel_sdk:/home/koki/openmanipulator_ws/install/open_manipulator:/home/koki/openmanipulator_ws/install/open_manipulator_x_controller:/home/koki/openmanipulator_ws/install/open_manipulator_x_libs:/home/koki/openmanipulator_ws/install/robotis_manipulator:/home/koki/openmanipulator_ws/install/open_manipulator_x_description:/home/koki/openmanipulator_ws/install/open_manipulator_msgs:/home/koki/openmanipulator_ws/install/dynamixel_workbench:/home/koki/openmanipulator_ws/install/dynamixel_workbench_toolbox:/home/koki/openmanipulator_ws/install/dynamixel_sdk_examples:/home/koki/openmanipulator_ws/install/cmake_modules:/home/koki/openmanipulator_ws/install/open_manipulator_x_teleop:/opt/ros/humble LD_LIBRARY_PATH=/home/koki/openmanipulator_ws/install/dynamixel_sdk_custom_interfaces/lib:/home/koki/openmanipulator_ws/install/dynamixel_sdk/lib:/home/koki/openmanipulator_ws/install/open_manipulator_x_libs/lib:/home/koki/openmanipulator_ws/install/robotis_manipulator/lib:/home/koki/openmanipulator_ws/install/open_manipulator_msgs/lib:/home/koki/openmanipulator_ws/install/dynamixel_workbench_toolbox/lib:/usr/lib/x86_64-linux-gnu/gazebo-11/plugins:/opt/ros/humble/opt/rviz_ogre_vendor/lib:/opt/ros/humble/lib/x86_64-linux-gnu:/opt/ros/humble/lib:/usr/local/cuda/lib64 /usr/local/bin/cmake --build /home/koki/openmanipulator_ws/build/dynamixel_sdk_examples -- -j20 -l20
[0.806s] [ 50%] [32mBuilding CXX object CMakeFiles/read_write_node.dir/src/read_write_node.cpp.o[0m
[5.108s] [100%] [32m[1mLinking CXX executable read_write_node[0m
[5.297s] [100%] Built target read_write_node
[5.300s] Invoked command in '/home/koki/openmanipulator_ws/build/dynamixel_sdk_examples' returned '0': CMAKE_PREFIX_PATH=/home/koki/openmanipulator_ws/install/dynamixel_sdk_custom_interfaces:/home/koki/openmanipulator_ws/install/dynamixel_sdk:/home/koki/openmanipulator_ws/install/open_manipulator:/home/koki/openmanipulator_ws/install/open_manipulator_x_controller:/home/koki/openmanipulator_ws/install/open_manipulator_x_libs:/home/koki/openmanipulator_ws/install/robotis_manipulator:/home/koki/openmanipulator_ws/install/open_manipulator_x_description:/home/koki/openmanipulator_ws/install/open_manipulator_msgs:/home/koki/openmanipulator_ws/install/dynamixel_workbench:/home/koki/openmanipulator_ws/install/dynamixel_workbench_toolbox:/home/koki/openmanipulator_ws/install/dynamixel_sdk_examples:/home/koki/openmanipulator_ws/install/cmake_modules:/home/koki/openmanipulator_ws/install/open_manipulator_x_teleop:/opt/ros/humble LD_LIBRARY_PATH=/home/koki/openmanipulator_ws/install/dynamixel_sdk_custom_interfaces/lib:/home/koki/openmanipulator_ws/install/dynamixel_sdk/lib:/home/koki/openmanipulator_ws/install/open_manipulator_x_libs/lib:/home/koki/openmanipulator_ws/install/robotis_manipulator/lib:/home/koki/openmanipulator_ws/install/open_manipulator_msgs/lib:/home/koki/openmanipulator_ws/install/dynamixel_workbench_toolbox/lib:/usr/lib/x86_64-linux-gnu/gazebo-11/plugins:/opt/ros/humble/opt/rviz_ogre_vendor/lib:/opt/ros/humble/lib/x86_64-linux-gnu:/opt/ros/humble/lib:/usr/local/cuda/lib64 /usr/local/bin/cmake --build /home/koki/openmanipulator_ws/build/dynamixel_sdk_examples -- -j20 -l20
[5.309s] Invoking command in '/home/koki/openmanipulator_ws/build/dynamixel_sdk_examples': CMAKE_PREFIX_PATH=/home/koki/openmanipulator_ws/install/dynamixel_sdk_custom_interfaces:/home/koki/openmanipulator_ws/install/dynamixel_sdk:/home/koki/openmanipulator_ws/install/open_manipulator:/home/koki/openmanipulator_ws/install/open_manipulator_x_controller:/home/koki/openmanipulator_ws/install/open_manipulator_x_libs:/home/koki/openmanipulator_ws/install/robotis_manipulator:/home/koki/openmanipulator_ws/install/open_manipulator_x_description:/home/koki/openmanipulator_ws/install/open_manipulator_msgs:/home/koki/openmanipulator_ws/install/dynamixel_workbench:/home/koki/openmanipulator_ws/install/dynamixel_workbench_toolbox:/home/koki/openmanipulator_ws/install/dynamixel_sdk_examples:/home/koki/openmanipulator_ws/install/cmake_modules:/home/koki/openmanipulator_ws/install/open_manipulator_x_teleop:/opt/ros/humble LD_LIBRARY_PATH=/home/koki/openmanipulator_ws/install/dynamixel_sdk_custom_interfaces/lib:/home/koki/openmanipulator_ws/install/dynamixel_sdk/lib:/home/koki/openmanipulator_ws/install/open_manipulator_x_libs/lib:/home/koki/openmanipulator_ws/install/robotis_manipulator/lib:/home/koki/openmanipulator_ws/install/open_manipulator_msgs/lib:/home/koki/openmanipulator_ws/install/dynamixel_workbench_toolbox/lib:/usr/lib/x86_64-linux-gnu/gazebo-11/plugins:/opt/ros/humble/opt/rviz_ogre_vendor/lib:/opt/ros/humble/lib/x86_64-linux-gnu:/opt/ros/humble/lib:/usr/local/cuda/lib64 /usr/local/bin/cmake --install /home/koki/openmanipulator_ws/build/dynamixel_sdk_examples
[5.311s] -- Install configuration: ""
[5.311s] -- Execute custom install script
[5.311s] -- Symlinking: /home/koki/openmanipulator_ws/install/dynamixel_sdk_examples/lib/dynamixel_sdk_examples/read_write_node
[5.313s] -- Symlinking: /home/koki/openmanipulator_ws/install/dynamixel_sdk_examples/share/ament_index/resource_index/package_run_dependencies/dynamixel_sdk_examples
[5.314s] -- Symlinking: /home/koki/openmanipulator_ws/install/dynamixel_sdk_examples/share/ament_index/resource_index/parent_prefix_path/dynamixel_sdk_examples
[5.316s] -- Symlinking: /home/koki/openmanipulator_ws/install/dynamixel_sdk_examples/share/dynamixel_sdk_examples/environment/ament_prefix_path.sh
[5.317s] -- Symlinking: /home/koki/openmanipulator_ws/install/dynamixel_sdk_examples/share/dynamixel_sdk_examples/environment/ament_prefix_path.dsv
[5.319s] -- Symlinking: /home/koki/openmanipulator_ws/install/dynamixel_sdk_examples/share/dynamixel_sdk_examples/environment/path.sh
[5.320s] -- Symlinking: /home/koki/openmanipulator_ws/install/dynamixel_sdk_examples/share/dynamixel_sdk_examples/environment/path.dsv
[5.321s] -- Symlinking: /home/koki/openmanipulator_ws/install/dynamixel_sdk_examples/share/dynamixel_sdk_examples/local_setup.bash
[5.323s] -- Symlinking: /home/koki/openmanipulator_ws/install/dynamixel_sdk_examples/share/dynamixel_sdk_examples/local_setup.sh
[5.324s] -- Symlinking: /home/koki/openmanipulator_ws/install/dynamixel_sdk_examples/share/dynamixel_sdk_examples/local_setup.zsh
[5.326s] -- Symlinking: /home/koki/openmanipulator_ws/install/dynamixel_sdk_examples/share/dynamixel_sdk_examples/local_setup.dsv
[5.327s] -- Symlinking: /home/koki/openmanipulator_ws/install/dynamixel_sdk_examples/share/dynamixel_sdk_examples/package.dsv
[5.328s] -- Symlinking: /home/koki/openmanipulator_ws/install/dynamixel_sdk_examples/share/ament_index/resource_index/packages/dynamixel_sdk_examples
[5.330s] -- Symlinking: /home/koki/openmanipulator_ws/install/dynamixel_sdk_examples/share/dynamixel_sdk_examples/cmake/dynamixel_sdk_examplesConfig.cmake
[5.331s] -- Symlinking: /home/koki/openmanipulator_ws/install/dynamixel_sdk_examples/share/dynamixel_sdk_examples/cmake/dynamixel_sdk_examplesConfig-version.cmake
[5.332s] -- Symlinking: /home/koki/openmanipulator_ws/install/dynamixel_sdk_examples/share/dynamixel_sdk_examples/package.xml
[5.334s] Invoked command in '/home/koki/openmanipulator_ws/build/dynamixel_sdk_examples' returned '0': CMAKE_PREFIX_PATH=/home/koki/openmanipulator_ws/install/dynamixel_sdk_custom_interfaces:/home/koki/openmanipulator_ws/install/dynamixel_sdk:/home/koki/openmanipulator_ws/install/open_manipulator:/home/koki/openmanipulator_ws/install/open_manipulator_x_controller:/home/koki/openmanipulator_ws/install/open_manipulator_x_libs:/home/koki/openmanipulator_ws/install/robotis_manipulator:/home/koki/openmanipulator_ws/install/open_manipulator_x_description:/home/koki/openmanipulator_ws/install/open_manipulator_msgs:/home/koki/openmanipulator_ws/install/dynamixel_workbench:/home/koki/openmanipulator_ws/install/dynamixel_workbench_toolbox:/home/koki/openmanipulator_ws/install/dynamixel_sdk_examples:/home/koki/openmanipulator_ws/install/cmake_modules:/home/koki/openmanipulator_ws/install/open_manipulator_x_teleop:/opt/ros/humble LD_LIBRARY_PATH=/home/koki/openmanipulator_ws/install/dynamixel_sdk_custom_interfaces/lib:/home/koki/openmanipulator_ws/install/dynamixel_sdk/lib:/home/koki/openmanipulator_ws/install/open_manipulator_x_libs/lib:/home/koki/openmanipulator_ws/install/robotis_manipulator/lib:/home/koki/openmanipulator_ws/install/open_manipulator_msgs/lib:/home/koki/openmanipulator_ws/install/dynamixel_workbench_toolbox/lib:/usr/lib/x86_64-linux-gnu/gazebo-11/plugins:/opt/ros/humble/opt/rviz_ogre_vendor/lib:/opt/ros/humble/lib/x86_64-linux-gnu:/opt/ros/humble/lib:/usr/local/cuda/lib64 /usr/local/bin/cmake --install /home/koki/openmanipulator_ws/build/dynamixel_sdk_examples
