[0.145s] Invoking command in '/home/koki/openmanipulator_ws/build/dynamixel_sdk': CMAKE_PREFIX_PATH=${CMAKE_PREFIX_PATH}:/home/koki/openmanipulator_ws/install/open_manipulator_x_teleop:/opt/ros/humble /usr/local/bin/cmake /home/koki/openmanipulator_ws/src/DynamixelSDK/dynamixel_sdk -DAMENT_CMAKE_SYMLINK_INSTALL=1 -DCMAKE_INSTALL_PREFIX=/home/koki/openmanipulator_ws/install/dynamixel_sdk
[0.224s] -- The C compiler identification is GNU 11.4.0
[0.278s] -- The CXX compiler identification is GNU 11.4.0
[0.283s] -- Detecting C compiler ABI info
[0.314s] -- Detecting C compiler ABI info - done
[0.319s] -- Check for working C compiler: /usr/bin/cc - skipped
[0.319s] -- Detecting C compile features
[0.319s] -- Detecting C compile features - done
[0.321s] -- Detecting CXX compiler ABI info
[0.355s] -- Detecting CXX compiler ABI info - done
[0.363s] -- Check for working CXX compiler: /usr/bin/c++ - skipped
[0.363s] -- Detecting CXX compile features
[0.364s] -- Detecting CXX compile features - done
[0.366s] -- Found ament_cmake: 1.3.6 (/opt/ros/humble/share/ament_cmake/cmake)
[0.467s] -- Found Python3: /usr/bin/python3.10 (found version "3.10.12") found components: Interpreter 
[0.504s] -- Override CMake install command with custom implementation using symlinks instead of copying resources
[0.562s] -- Configuring done
[0.565s] -- Generating done
[0.565s] -- Build files have been written to: /home/koki/openmanipulator_ws/build/dynamixel_sdk
[0.569s] Invoked command in '/home/koki/openmanipulator_ws/build/dynamixel_sdk' returned '0': CMAKE_PREFIX_PATH=${CMAKE_PREFIX_PATH}:/home/koki/openmanipulator_ws/install/open_manipulator_x_teleop:/opt/ros/humble /usr/local/bin/cmake /home/koki/openmanipulator_ws/src/DynamixelSDK/dynamixel_sdk -DAMENT_CMAKE_SYMLINK_INSTALL=1 -DCMAKE_INSTALL_PREFIX=/home/koki/openmanipulator_ws/install/dynamixel_sdk
[0.570s] Invoking command in '/home/koki/openmanipulator_ws/build/dynamixel_sdk': CMAKE_PREFIX_PATH=${CMAKE_PREFIX_PATH}:/home/koki/openmanipulator_ws/install/open_manipulator_x_teleop:/opt/ros/humble /usr/local/bin/cmake --build /home/koki/openmanipulator_ws/build/dynamixel_sdk -- -j20 -l20
[0.579s] [ 10%] [32mBuilding CXX object CMakeFiles/dynamixel_sdk.dir/src/dynamixel_sdk/packet_handler.cpp.o[0m
[0.579s] [ 20%] [32mBuilding CXX object CMakeFiles/dynamixel_sdk.dir/src/dynamixel_sdk/protocol1_packet_handler.cpp.o[0m
[0.579s] [ 30%] [32mBuilding CXX object CMakeFiles/dynamixel_sdk.dir/src/dynamixel_sdk/protocol2_packet_handler.cpp.o[0m
[0.580s] [ 50%] [32mBuilding CXX object CMakeFiles/dynamixel_sdk.dir/src/dynamixel_sdk/group_sync_write.cpp.o[0m
[0.580s] [ 50%] [32mBuilding CXX object CMakeFiles/dynamixel_sdk.dir/src/dynamixel_sdk/group_sync_read.cpp.o[0m
[0.580s] [ 60%] [32mBuilding CXX object CMakeFiles/dynamixel_sdk.dir/src/dynamixel_sdk/group_bulk_read.cpp.o[0m
[0.581s] [ 70%] [32mBuilding CXX object CMakeFiles/dynamixel_sdk.dir/src/dynamixel_sdk/group_bulk_write.cpp.o[0m
[0.581s] [ 80%] [32mBuilding CXX object CMakeFiles/dynamixel_sdk.dir/src/dynamixel_sdk/port_handler_linux.cpp.o[0m
[0.581s] [ 90%] [32mBuilding CXX object CMakeFiles/dynamixel_sdk.dir/src/dynamixel_sdk/port_handler.cpp.o[0m
[0.827s] [100%] [32m[1mLinking CXX shared library libdynamixel_sdk.so[0m
[0.866s] [100%] Built target dynamixel_sdk
[0.868s] Invoked command in '/home/koki/openmanipulator_ws/build/dynamixel_sdk' returned '0': CMAKE_PREFIX_PATH=${CMAKE_PREFIX_PATH}:/home/koki/openmanipulator_ws/install/open_manipulator_x_teleop:/opt/ros/humble /usr/local/bin/cmake --build /home/koki/openmanipulator_ws/build/dynamixel_sdk -- -j20 -l20
[0.885s] Invoking command in '/home/koki/openmanipulator_ws/build/dynamixel_sdk': CMAKE_PREFIX_PATH=${CMAKE_PREFIX_PATH}:/home/koki/openmanipulator_ws/install/open_manipulator_x_teleop:/opt/ros/humble /usr/local/bin/cmake --install /home/koki/openmanipulator_ws/build/dynamixel_sdk
[0.886s] -- Install configuration: ""
[0.886s] -- Execute custom install script
[0.887s] -- Symlinking: /home/koki/openmanipulator_ws/install/dynamixel_sdk/include//dynamixel_sdk/dynamixel_sdk.h
[0.888s] -- Symlinking: /home/koki/openmanipulator_ws/install/dynamixel_sdk/include//dynamixel_sdk/group_bulk_read.h
[0.890s] -- Symlinking: /home/koki/openmanipulator_ws/install/dynamixel_sdk/include//dynamixel_sdk/group_bulk_write.h
[0.891s] -- Symlinking: /home/koki/openmanipulator_ws/install/dynamixel_sdk/include//dynamixel_sdk/group_sync_read.h
[0.892s] -- Symlinking: /home/koki/openmanipulator_ws/install/dynamixel_sdk/include//dynamixel_sdk/group_sync_write.h
[0.894s] -- Symlinking: /home/koki/openmanipulator_ws/install/dynamixel_sdk/include//dynamixel_sdk/packet_handler.h
[0.895s] -- Symlinking: /home/koki/openmanipulator_ws/install/dynamixel_sdk/include//dynamixel_sdk/port_handler.h
[0.896s] -- Symlinking: /home/koki/openmanipulator_ws/install/dynamixel_sdk/include//dynamixel_sdk/port_handler_arduino.h
[0.897s] -- Symlinking: /home/koki/openmanipulator_ws/install/dynamixel_sdk/include//dynamixel_sdk/port_handler_linux.h
[0.899s] -- Symlinking: /home/koki/openmanipulator_ws/install/dynamixel_sdk/include//dynamixel_sdk/port_handler_mac.h
[0.900s] -- Symlinking: /home/koki/openmanipulator_ws/install/dynamixel_sdk/include//dynamixel_sdk/port_handler_windows.h
[0.901s] -- Symlinking: /home/koki/openmanipulator_ws/install/dynamixel_sdk/include//dynamixel_sdk/protocol1_packet_handler.h
[0.902s] -- Symlinking: /home/koki/openmanipulator_ws/install/dynamixel_sdk/include//dynamixel_sdk/protocol2_packet_handler.h
[0.904s] -- Symlinking: /home/koki/openmanipulator_ws/install/dynamixel_sdk/lib/libdynamixel_sdk.so
[0.905s] -- Symlinking: /home/koki/openmanipulator_ws/install/dynamixel_sdk/share/dynamixel_sdk/environment/library_path.sh
[0.907s] -- Symlinking: /home/koki/openmanipulator_ws/install/dynamixel_sdk/share/dynamixel_sdk/environment/library_path.dsv
[0.908s] -- Symlinking: /home/koki/openmanipulator_ws/install/dynamixel_sdk/share/ament_index/resource_index/package_run_dependencies/dynamixel_sdk
[0.909s] -- Symlinking: /home/koki/openmanipulator_ws/install/dynamixel_sdk/share/ament_index/resource_index/parent_prefix_path/dynamixel_sdk
[0.911s] -- Symlinking: /home/koki/openmanipulator_ws/install/dynamixel_sdk/share/dynamixel_sdk/environment/ament_prefix_path.sh
[0.912s] -- Symlinking: /home/koki/openmanipulator_ws/install/dynamixel_sdk/share/dynamixel_sdk/environment/ament_prefix_path.dsv
[0.914s] -- Symlinking: /home/koki/openmanipulator_ws/install/dynamixel_sdk/share/dynamixel_sdk/environment/path.sh
[0.915s] -- Symlinking: /home/koki/openmanipulator_ws/install/dynamixel_sdk/share/dynamixel_sdk/environment/path.dsv
[0.916s] -- Symlinking: /home/koki/openmanipulator_ws/install/dynamixel_sdk/share/dynamixel_sdk/local_setup.bash
[0.918s] -- Symlinking: /home/koki/openmanipulator_ws/install/dynamixel_sdk/share/dynamixel_sdk/local_setup.sh
[0.919s] -- Symlinking: /home/koki/openmanipulator_ws/install/dynamixel_sdk/share/dynamixel_sdk/local_setup.zsh
[0.921s] -- Symlinking: /home/koki/openmanipulator_ws/install/dynamixel_sdk/share/dynamixel_sdk/local_setup.dsv
[0.922s] -- Symlinking: /home/koki/openmanipulator_ws/install/dynamixel_sdk/share/dynamixel_sdk/package.dsv
[0.924s] -- Symlinking: /home/koki/openmanipulator_ws/install/dynamixel_sdk/share/ament_index/resource_index/packages/dynamixel_sdk
[0.925s] -- Symlinking: /home/koki/openmanipulator_ws/install/dynamixel_sdk/share/dynamixel_sdk/cmake/ament_cmake_export_include_directories-extras.cmake
[0.927s] -- Symlinking: /home/koki/openmanipulator_ws/install/dynamixel_sdk/share/dynamixel_sdk/cmake/ament_cmake_export_libraries-extras.cmake
[0.928s] -- Symlinking: /home/koki/openmanipulator_ws/install/dynamixel_sdk/share/dynamixel_sdk/cmake/dynamixel_sdkConfig.cmake
[0.929s] -- Symlinking: /home/koki/openmanipulator_ws/install/dynamixel_sdk/share/dynamixel_sdk/cmake/dynamixel_sdkConfig-version.cmake
[0.931s] -- Symlinking: /home/koki/openmanipulator_ws/install/dynamixel_sdk/share/dynamixel_sdk/package.xml
[0.933s] Invoked command in '/home/koki/openmanipulator_ws/build/dynamixel_sdk' returned '0': CMAKE_PREFIX_PATH=${CMAKE_PREFIX_PATH}:/home/koki/openmanipulator_ws/install/open_manipulator_x_teleop:/opt/ros/humble /usr/local/bin/cmake --install /home/koki/openmanipulator_ws/build/dynamixel_sdk
