[0.030s] Invoking command in '/home/koki/openmanipulator_ws/build/dynamixel_sdk_examples': AMENT_PREFIX_PATH=/home/koki/openmanipulator_ws/install/dynamixel_sdk_custom_interfaces:/home/koki/openmanipulator_ws/install/dynamixel_sdk:${AMENT_PREFIX_PATH} CMAKE_PREFIX_PATH=/home/koki/openmanipulator_ws/install/dynamixel_sdk_custom_interfaces:/home/koki/openmanipulator_ws/install/dynamixel_sdk:/opt/ros/humble LD_LIBRARY_PATH=/home/koki/openmanipulator_ws/install/dynamixel_sdk_custom_interfaces/lib:/home/koki/openmanipulator_ws/install/dynamixel_sdk/lib:/usr/lib/x86_64-linux-gnu/gazebo-11/plugins:/opt/ros/humble/opt/rviz_ogre_vendor/lib:/opt/ros/humble/lib/x86_64-linux-gnu:/opt/ros/humble/lib:/usr/local/cuda/lib64 PYTHONPATH=/home/koki/openmanipulator_ws/install/dynamixel_sdk_custom_interfaces/local/lib/python3.10/dist-packages:${PYTHONPATH} /usr/local/bin/cmake --build /home/koki/openmanipulator_ws/build/dynamixel_sdk_examples -- -j20 -l20
[0.040s] -- Found ament_cmake: 1.3.7 (/opt/ros/humble/share/ament_cmake/cmake)
[0.105s] -- Override CMake install command with custom implementation using symlinks instead of copying resources
[0.109s] -- Found dynamixel_sdk: 3.7.60 (/home/koki/openmanipulator_ws/install/dynamixel_sdk/share/dynamixel_sdk/cmake)
[0.110s] -- Found dynamixel_sdk_custom_interfaces: 3.7.60 (/home/koki/openmanipulator_ws/install/dynamixel_sdk_custom_interfaces/share/dynamixel_sdk_custom_interfaces/cmake)
[0.125s] -- Found rosidl_generator_c: 3.1.5 (/opt/ros/humble/share/rosidl_generator_c/cmake)
[0.126s] -- Found rosidl_adapter: 3.1.5 (/opt/ros/humble/share/rosidl_adapter/cmake)
[0.129s] -- Found rosidl_generator_cpp: 3.1.5 (/opt/ros/humble/share/rosidl_generator_cpp/cmake)
[0.136s] -- Using all available rosidl_typesupport_c: rosidl_typesupport_fastrtps_c;rosidl_typesupport_introspection_c
[0.145s] -- Using all available rosidl_typesupport_cpp: rosidl_typesupport_fastrtps_cpp;rosidl_typesupport_introspection_cpp
[0.175s] -- Found rclcpp: 16.0.8 (/opt/ros/humble/share/rclcpp/cmake)
[0.201s] -- Found rmw_implementation_cmake: 6.1.1 (/opt/ros/humble/share/rmw_implementation_cmake/cmake)
[0.202s] -- Found rmw_fastrtps_cpp: 6.2.6 (/opt/ros/humble/share/rmw_fastrtps_cpp/cmake)
[0.273s] -- Using RMW implementation 'rmw_fastrtps_cpp' as default
[0.360s] -- Found ament_lint_auto: 0.12.10 (/opt/ros/humble/share/ament_lint_auto/cmake)
[0.403s] -- Added test 'copyright' to check source files copyright and LICENSE
[0.403s] -- Added test 'cppcheck' to perform static code analysis on C / C++ code
[0.403s] -- Configured cppcheck include dirs: /home/koki/openmanipulator_ws/src/DynamixelSDK/dynamixel_sdk_examples/include
[0.403s] -- Configured cppcheck exclude dirs and/or files: 
[0.404s] -- Added test 'cpplint' to check C / C++ code against the Google style
[0.404s] -- Configured cpplint exclude dirs and/or files: 
[0.404s] -- Added test 'lint_cmake' to check CMake code style
[0.405s] -- Added test 'uncrustify' to check C / C++ code style
[0.405s] -- Configured uncrustify additional arguments: 
[0.405s] -- Added test 'xmllint' to check XML markup files
[0.406s] -- Configuring done
[0.412s] -- Generating done
[0.413s] -- Build files have been written to: /home/koki/openmanipulator_ws/build/dynamixel_sdk_examples
[0.422s] [35m[1mConsolidate compiler generated dependencies of target read_write_node[0m
[0.432s] [ 50%] [32mBuilding CXX object CMakeFiles/read_write_node.dir/src/read_write_node.cpp.o[0m
[4.997s] [100%] [32m[1mLinking CXX executable read_write_node[0m
[5.197s] [100%] Built target read_write_node
[5.200s] Invoked command in '/home/koki/openmanipulator_ws/build/dynamixel_sdk_examples' returned '0': AMENT_PREFIX_PATH=/home/koki/openmanipulator_ws/install/dynamixel_sdk_custom_interfaces:/home/koki/openmanipulator_ws/install/dynamixel_sdk:${AMENT_PREFIX_PATH} CMAKE_PREFIX_PATH=/home/koki/openmanipulator_ws/install/dynamixel_sdk_custom_interfaces:/home/koki/openmanipulator_ws/install/dynamixel_sdk:/opt/ros/humble LD_LIBRARY_PATH=/home/koki/openmanipulator_ws/install/dynamixel_sdk_custom_interfaces/lib:/home/koki/openmanipulator_ws/install/dynamixel_sdk/lib:/usr/lib/x86_64-linux-gnu/gazebo-11/plugins:/opt/ros/humble/opt/rviz_ogre_vendor/lib:/opt/ros/humble/lib/x86_64-linux-gnu:/opt/ros/humble/lib:/usr/local/cuda/lib64 PYTHONPATH=/home/koki/openmanipulator_ws/install/dynamixel_sdk_custom_interfaces/local/lib/python3.10/dist-packages:${PYTHONPATH} /usr/local/bin/cmake --build /home/koki/openmanipulator_ws/build/dynamixel_sdk_examples -- -j20 -l20
[5.208s] Invoking command in '/home/koki/openmanipulator_ws/build/dynamixel_sdk_examples': AMENT_PREFIX_PATH=/home/koki/openmanipulator_ws/install/dynamixel_sdk_custom_interfaces:/home/koki/openmanipulator_ws/install/dynamixel_sdk:${AMENT_PREFIX_PATH} CMAKE_PREFIX_PATH=/home/koki/openmanipulator_ws/install/dynamixel_sdk_custom_interfaces:/home/koki/openmanipulator_ws/install/dynamixel_sdk:/opt/ros/humble LD_LIBRARY_PATH=/home/koki/openmanipulator_ws/install/dynamixel_sdk_custom_interfaces/lib:/home/koki/openmanipulator_ws/install/dynamixel_sdk/lib:/usr/lib/x86_64-linux-gnu/gazebo-11/plugins:/opt/ros/humble/opt/rviz_ogre_vendor/lib:/opt/ros/humble/lib/x86_64-linux-gnu:/opt/ros/humble/lib:/usr/local/cuda/lib64 PYTHONPATH=/home/koki/openmanipulator_ws/install/dynamixel_sdk_custom_interfaces/local/lib/python3.10/dist-packages:${PYTHONPATH} /usr/local/bin/cmake --install /home/koki/openmanipulator_ws/build/dynamixel_sdk_examples
[5.210s] -- Install configuration: ""
[5.210s] -- Execute custom install script
[5.210s] -- Up-to-date symlink: /home/koki/openmanipulator_ws/install/dynamixel_sdk_examples/lib/dynamixel_sdk_examples/read_write_node
[5.210s] -- Up-to-date symlink: /home/koki/openmanipulator_ws/install/dynamixel_sdk_examples/share/ament_index/resource_index/package_run_dependencies/dynamixel_sdk_examples
[5.210s] -- Up-to-date symlink: /home/koki/openmanipulator_ws/install/dynamixel_sdk_examples/share/ament_index/resource_index/parent_prefix_path/dynamixel_sdk_examples
[5.210s] -- Up-to-date symlink: /home/koki/openmanipulator_ws/install/dynamixel_sdk_examples/share/dynamixel_sdk_examples/environment/ament_prefix_path.sh
[5.211s] -- Up-to-date symlink: /home/koki/openmanipulator_ws/install/dynamixel_sdk_examples/share/dynamixel_sdk_examples/environment/ament_prefix_path.dsv
[5.211s] -- Up-to-date symlink: /home/koki/openmanipulator_ws/install/dynamixel_sdk_examples/share/dynamixel_sdk_examples/environment/path.sh
[5.211s] -- Up-to-date symlink: /home/koki/openmanipulator_ws/install/dynamixel_sdk_examples/share/dynamixel_sdk_examples/environment/path.dsv
[5.211s] -- Up-to-date symlink: /home/koki/openmanipulator_ws/install/dynamixel_sdk_examples/share/dynamixel_sdk_examples/local_setup.bash
[5.211s] -- Up-to-date symlink: /home/koki/openmanipulator_ws/install/dynamixel_sdk_examples/share/dynamixel_sdk_examples/local_setup.sh
[5.211s] -- Up-to-date symlink: /home/koki/openmanipulator_ws/install/dynamixel_sdk_examples/share/dynamixel_sdk_examples/local_setup.zsh
[5.211s] -- Up-to-date symlink: /home/koki/openmanipulator_ws/install/dynamixel_sdk_examples/share/dynamixel_sdk_examples/local_setup.dsv
[5.211s] -- Symlinking: /home/koki/openmanipulator_ws/install/dynamixel_sdk_examples/share/dynamixel_sdk_examples/package.dsv
[5.212s] -- Up-to-date symlink: /home/koki/openmanipulator_ws/install/dynamixel_sdk_examples/share/ament_index/resource_index/packages/dynamixel_sdk_examples
[5.213s] -- Up-to-date symlink: /home/koki/openmanipulator_ws/install/dynamixel_sdk_examples/share/dynamixel_sdk_examples/cmake/dynamixel_sdk_examplesConfig.cmake
[5.213s] -- Up-to-date symlink: /home/koki/openmanipulator_ws/install/dynamixel_sdk_examples/share/dynamixel_sdk_examples/cmake/dynamixel_sdk_examplesConfig-version.cmake
[5.213s] -- Up-to-date symlink: /home/koki/openmanipulator_ws/install/dynamixel_sdk_examples/share/dynamixel_sdk_examples/package.xml
[5.213s] Invoked command in '/home/koki/openmanipulator_ws/build/dynamixel_sdk_examples' returned '0': AMENT_PREFIX_PATH=/home/koki/openmanipulator_ws/install/dynamixel_sdk_custom_interfaces:/home/koki/openmanipulator_ws/install/dynamixel_sdk:${AMENT_PREFIX_PATH} CMAKE_PREFIX_PATH=/home/koki/openmanipulator_ws/install/dynamixel_sdk_custom_interfaces:/home/koki/openmanipulator_ws/install/dynamixel_sdk:/opt/ros/humble LD_LIBRARY_PATH=/home/koki/openmanipulator_ws/install/dynamixel_sdk_custom_interfaces/lib:/home/koki/openmanipulator_ws/install/dynamixel_sdk/lib:/usr/lib/x86_64-linux-gnu/gazebo-11/plugins:/opt/ros/humble/opt/rviz_ogre_vendor/lib:/opt/ros/humble/lib/x86_64-linux-gnu:/opt/ros/humble/lib:/usr/local/cuda/lib64 PYTHONPATH=/home/koki/openmanipulator_ws/install/dynamixel_sdk_custom_interfaces/local/lib/python3.10/dist-packages:${PYTHONPATH} /usr/local/bin/cmake --install /home/koki/openmanipulator_ws/build/dynamixel_sdk_examples
