[0.036s] Invoking command in '/home/koki/openmanipulator_ws/build/open_manipulator_x_controller': CMAKE_PREFIX_PATH=/home/koki/openmanipulator_ws/install/open_manipulator_x_libs:/home/koki/openmanipulator_ws/install/robotis_manipulator:/home/koki/openmanipulator_ws/install/dynamixel_workbench_toolbox:/home/koki/openmanipulator_ws/install/open_manipulator_msgs:/home/koki/openmanipulator_ws/install/dynamixel_sdk:/home/koki/openmanipulator_ws/install/cmake_modules:/home/koki/openmanipulator_ws/install/open_manipulator:/home/koki/openmanipulator_ws/install/open_manipulator_x_controller:/home/koki/openmanipulator_ws/install/open_manipulator_x_description:/home/koki/openmanipulator_ws/install/dynamixel_workbench:/home/koki/openmanipulator_ws/install/dynamixel_sdk_examples:/home/koki/openmanipulator_ws/install/dynamixel_sdk_custom_interfaces:/home/koki/openmanipulator_ws/install/open_manipulator_x_teleop:/opt/ros/humble LD_LIBRARY_PATH=/home/koki/openmanipulator_ws/install/open_manipulator_x_libs/lib:/home/koki/openmanipulator_ws/install/robotis_manipulator/lib:/home/koki/openmanipulator_ws/install/dynamixel_workbench_toolbox/lib:/home/koki/openmanipulator_ws/install/open_manipulator_msgs/lib:/home/koki/openmanipulator_ws/install/dynamixel_sdk/lib:/home/koki/openmanipulator_ws/install/dynamixel_sdk_custom_interfaces/lib:/usr/lib/x86_64-linux-gnu/gazebo-11/plugins:/opt/ros/humble/opt/rviz_ogre_vendor/lib:/opt/ros/humble/lib/x86_64-linux-gnu:/opt/ros/humble/lib:/usr/local/cuda/lib64 /usr/local/bin/cmake /home/koki/openmanipulator_ws/src/open_manipulator/open_manipulator_x_controller -DAMENT_CMAKE_SYMLINK_INSTALL=1 -DCMAKE_INSTALL_PREFIX=/home/koki/openmanipulator_ws/install/open_manipulator_x_controller
[0.060s] -- The C compiler identification is GNU 11.4.0
[0.087s] -- The CXX compiler identification is GNU 11.4.0
[0.091s] -- Detecting C compiler ABI info
[0.116s] -- Detecting C compiler ABI info - done
[0.120s] -- Check for working C compiler: /usr/bin/cc - skipped
[0.121s] -- Detecting C compile features
[0.121s] -- Detecting C compile features - done
[0.122s] -- Detecting CXX compiler ABI info
[0.154s] -- Detecting CXX compiler ABI info - done
[0.158s] -- Check for working CXX compiler: /usr/bin/c++ - skipped
[0.158s] -- Detecting CXX compile features
[0.158s] -- Detecting CXX compile features - done
[0.160s] -- Found ament_cmake: 1.3.6 (/opt/ros/humble/share/ament_cmake/cmake)
[0.257s] -- Found Python3: /usr/bin/python3.10 (found version "3.10.12") found components: Interpreter 
[0.289s] -- Override CMake install command with custom implementation using symlinks instead of copying resources
[0.310s] -- Found geometry_msgs: 4.2.3 (/opt/ros/humble/share/geometry_msgs/cmake)
[0.336s] -- Found rosidl_generator_c: 3.1.5 (/opt/ros/humble/share/rosidl_generator_c/cmake)
[0.339s] -- Found rosidl_adapter: 3.1.5 (/opt/ros/humble/share/rosidl_adapter/cmake)
[0.345s] -- Found rosidl_generator_cpp: 3.1.5 (/opt/ros/humble/share/rosidl_generator_cpp/cmake)
[0.354s] -- Using all available rosidl_typesupport_c: rosidl_typesupport_fastrtps_c;rosidl_typesupport_introspection_c
[0.366s] -- Using all available rosidl_typesupport_cpp: rosidl_typesupport_fastrtps_cpp;rosidl_typesupport_introspection_cpp
[0.429s] -- Found open_manipulator_msgs: 2.2.0 (/home/koki/openmanipulator_ws/install/open_manipulator_msgs/share/open_manipulator_msgs/cmake)
[0.469s] -- Found open_manipulator_x_libs: 2.3.0 (/home/koki/openmanipulator_ws/install/open_manipulator_x_libs/share/open_manipulator_x_libs/cmake)
[0.513s] -- Found rmw_implementation_cmake: 6.1.1 (/opt/ros/humble/share/rmw_implementation_cmake/cmake)
[0.515s] -- Found rmw_fastrtps_cpp: 6.2.5 (/opt/ros/humble/share/rmw_fastrtps_cpp/cmake)
[0.562s] -- Found OpenSSL: /usr/local/lib/libcrypto.so (found version "1.1.1w")  
[0.578s] -- Found FastRTPS: /opt/ros/humble/include  
[0.605s] -- Using RMW implementation 'rmw_fastrtps_cpp' as default
[0.612s] -- Looking for pthread.h
[0.639s] -- Looking for pthread.h - found
[0.639s] -- Performing Test CMAKE_HAVE_LIBC_PTHREAD
[0.667s] -- Performing Test CMAKE_HAVE_LIBC_PTHREAD - Success
[0.667s] -- Found Threads: TRUE  
[0.752s] -- Found sensor_msgs: 4.2.3 (/opt/ros/humble/share/sensor_msgs/cmake)
[0.798s] -- Found trajectory_msgs: 4.2.3 (/opt/ros/humble/share/trajectory_msgs/cmake)
[0.893s] -- Configuring done
[0.901s] -- Generating done
[0.901s] -- Build files have been written to: /home/koki/openmanipulator_ws/build/open_manipulator_x_controller
[0.907s] Invoked command in '/home/koki/openmanipulator_ws/build/open_manipulator_x_controller' returned '0': CMAKE_PREFIX_PATH=/home/koki/openmanipulator_ws/install/open_manipulator_x_libs:/home/koki/openmanipulator_ws/install/robotis_manipulator:/home/koki/openmanipulator_ws/install/dynamixel_workbench_toolbox:/home/koki/openmanipulator_ws/install/open_manipulator_msgs:/home/koki/openmanipulator_ws/install/dynamixel_sdk:/home/koki/openmanipulator_ws/install/cmake_modules:/home/koki/openmanipulator_ws/install/open_manipulator:/home/koki/openmanipulator_ws/install/open_manipulator_x_controller:/home/koki/openmanipulator_ws/install/open_manipulator_x_description:/home/koki/openmanipulator_ws/install/dynamixel_workbench:/home/koki/openmanipulator_ws/install/dynamixel_sdk_examples:/home/koki/openmanipulator_ws/install/dynamixel_sdk_custom_interfaces:/home/koki/openmanipulator_ws/install/open_manipulator_x_teleop:/opt/ros/humble LD_LIBRARY_PATH=/home/koki/openmanipulator_ws/install/open_manipulator_x_libs/lib:/home/koki/openmanipulator_ws/install/robotis_manipulator/lib:/home/koki/openmanipulator_ws/install/dynamixel_workbench_toolbox/lib:/home/koki/openmanipulator_ws/install/open_manipulator_msgs/lib:/home/koki/openmanipulator_ws/install/dynamixel_sdk/lib:/home/koki/openmanipulator_ws/install/dynamixel_sdk_custom_interfaces/lib:/usr/lib/x86_64-linux-gnu/gazebo-11/plugins:/opt/ros/humble/opt/rviz_ogre_vendor/lib:/opt/ros/humble/lib/x86_64-linux-gnu:/opt/ros/humble/lib:/usr/local/cuda/lib64 /usr/local/bin/cmake /home/koki/openmanipulator_ws/src/open_manipulator/open_manipulator_x_controller -DAMENT_CMAKE_SYMLINK_INSTALL=1 -DCMAKE_INSTALL_PREFIX=/home/koki/openmanipulator_ws/install/open_manipulator_x_controller
[0.908s] Invoking command in '/home/koki/openmanipulator_ws/build/open_manipulator_x_controller': CMAKE_PREFIX_PATH=/home/koki/openmanipulator_ws/install/open_manipulator_x_libs:/home/koki/openmanipulator_ws/install/robotis_manipulator:/home/koki/openmanipulator_ws/install/dynamixel_workbench_toolbox:/home/koki/openmanipulator_ws/install/open_manipulator_msgs:/home/koki/openmanipulator_ws/install/dynamixel_sdk:/home/koki/openmanipulator_ws/install/cmake_modules:/home/koki/openmanipulator_ws/install/open_manipulator:/home/koki/openmanipulator_ws/install/open_manipulator_x_controller:/home/koki/openmanipulator_ws/install/open_manipulator_x_description:/home/koki/openmanipulator_ws/install/dynamixel_workbench:/home/koki/openmanipulator_ws/install/dynamixel_sdk_examples:/home/koki/openmanipulator_ws/install/dynamixel_sdk_custom_interfaces:/home/koki/openmanipulator_ws/install/open_manipulator_x_teleop:/opt/ros/humble LD_LIBRARY_PATH=/home/koki/openmanipulator_ws/install/open_manipulator_x_libs/lib:/home/koki/openmanipulator_ws/install/robotis_manipulator/lib:/home/koki/openmanipulator_ws/install/dynamixel_workbench_toolbox/lib:/home/koki/openmanipulator_ws/install/open_manipulator_msgs/lib:/home/koki/openmanipulator_ws/install/dynamixel_sdk/lib:/home/koki/openmanipulator_ws/install/dynamixel_sdk_custom_interfaces/lib:/usr/lib/x86_64-linux-gnu/gazebo-11/plugins:/opt/ros/humble/opt/rviz_ogre_vendor/lib:/opt/ros/humble/lib/x86_64-linux-gnu:/opt/ros/humble/lib:/usr/local/cuda/lib64 /usr/local/bin/cmake --build /home/koki/openmanipulator_ws/build/open_manipulator_x_controller -- -j20 -l20
[0.919s] [ 50%] [32mBuilding CXX object CMakeFiles/open_manipulator_x_controller.dir/src/open_manipulator_x_controller.cpp.o[0m
[2.429s] [01m[K/home/koki/openmanipulator_ws/src/open_manipulator/open_manipulator_x_controller/src/open_manipulator_x_controller.cpp:[m[K In member function ‘[01m[Kvoid open_manipulator_x_controller::OpenManipulatorXController::init_publisher()[m[K’:
[2.429s] [01m[K/home/koki/openmanipulator_ws/src/open_manipulator/open_manipulator_x_controller/src/open_manipulator_x_controller.cpp:103:21:[m[K [01;35m[Kwarning: [m[Kunused variable ‘[01m[Kname[m[K’ [[01;35m[K]8;;https://gcc.gnu.org/onlinedocs/gcc/Warning-Options.html#index-Wunused-variable-Wunused-variable]8;;[m[K]
[2.429s]   103 |   for (auto const & [01;35m[Kname[m[K:tools_name)
[2.429s]       |                     [01;35m[K^~~~[m[K
[7.337s] [100%] [32m[1mLinking CXX executable open_manipulator_x_controller[0m
[7.723s] [100%] Built target open_manipulator_x_controller
[7.725s] Invoked command in '/home/koki/openmanipulator_ws/build/open_manipulator_x_controller' returned '0': CMAKE_PREFIX_PATH=/home/koki/openmanipulator_ws/install/open_manipulator_x_libs:/home/koki/openmanipulator_ws/install/robotis_manipulator:/home/koki/openmanipulator_ws/install/dynamixel_workbench_toolbox:/home/koki/openmanipulator_ws/install/open_manipulator_msgs:/home/koki/openmanipulator_ws/install/dynamixel_sdk:/home/koki/openmanipulator_ws/install/cmake_modules:/home/koki/openmanipulator_ws/install/open_manipulator:/home/koki/openmanipulator_ws/install/open_manipulator_x_controller:/home/koki/openmanipulator_ws/install/open_manipulator_x_description:/home/koki/openmanipulator_ws/install/dynamixel_workbench:/home/koki/openmanipulator_ws/install/dynamixel_sdk_examples:/home/koki/openmanipulator_ws/install/dynamixel_sdk_custom_interfaces:/home/koki/openmanipulator_ws/install/open_manipulator_x_teleop:/opt/ros/humble LD_LIBRARY_PATH=/home/koki/openmanipulator_ws/install/open_manipulator_x_libs/lib:/home/koki/openmanipulator_ws/install/robotis_manipulator/lib:/home/koki/openmanipulator_ws/install/dynamixel_workbench_toolbox/lib:/home/koki/openmanipulator_ws/install/open_manipulator_msgs/lib:/home/koki/openmanipulator_ws/install/dynamixel_sdk/lib:/home/koki/openmanipulator_ws/install/dynamixel_sdk_custom_interfaces/lib:/usr/lib/x86_64-linux-gnu/gazebo-11/plugins:/opt/ros/humble/opt/rviz_ogre_vendor/lib:/opt/ros/humble/lib/x86_64-linux-gnu:/opt/ros/humble/lib:/usr/local/cuda/lib64 /usr/local/bin/cmake --build /home/koki/openmanipulator_ws/build/open_manipulator_x_controller -- -j20 -l20
[7.735s] Invoking command in '/home/koki/openmanipulator_ws/build/open_manipulator_x_controller': CMAKE_PREFIX_PATH=/home/koki/openmanipulator_ws/install/open_manipulator_x_libs:/home/koki/openmanipulator_ws/install/robotis_manipulator:/home/koki/openmanipulator_ws/install/dynamixel_workbench_toolbox:/home/koki/openmanipulator_ws/install/open_manipulator_msgs:/home/koki/openmanipulator_ws/install/dynamixel_sdk:/home/koki/openmanipulator_ws/install/cmake_modules:/home/koki/openmanipulator_ws/install/open_manipulator:/home/koki/openmanipulator_ws/install/open_manipulator_x_controller:/home/koki/openmanipulator_ws/install/open_manipulator_x_description:/home/koki/openmanipulator_ws/install/dynamixel_workbench:/home/koki/openmanipulator_ws/install/dynamixel_sdk_examples:/home/koki/openmanipulator_ws/install/dynamixel_sdk_custom_interfaces:/home/koki/openmanipulator_ws/install/open_manipulator_x_teleop:/opt/ros/humble LD_LIBRARY_PATH=/home/koki/openmanipulator_ws/install/open_manipulator_x_libs/lib:/home/koki/openmanipulator_ws/install/robotis_manipulator/lib:/home/koki/openmanipulator_ws/install/dynamixel_workbench_toolbox/lib:/home/koki/openmanipulator_ws/install/open_manipulator_msgs/lib:/home/koki/openmanipulator_ws/install/dynamixel_sdk/lib:/home/koki/openmanipulator_ws/install/dynamixel_sdk_custom_interfaces/lib:/usr/lib/x86_64-linux-gnu/gazebo-11/plugins:/opt/ros/humble/opt/rviz_ogre_vendor/lib:/opt/ros/humble/lib/x86_64-linux-gnu:/opt/ros/humble/lib:/usr/local/cuda/lib64 /usr/local/bin/cmake --install /home/koki/openmanipulator_ws/build/open_manipulator_x_controller
[7.736s] -- Install configuration: ""
[7.737s] -- Execute custom install script
[7.737s] -- Symlinking: /home/koki/openmanipulator_ws/install/open_manipulator_x_controller/lib/open_manipulator_x_controller/open_manipulator_x_controller
[7.738s] -- Symlinking: /home/koki/openmanipulator_ws/install/open_manipulator_x_controller/share/open_manipulator_x_controller/99-open-manipulator-cdc.rules
[7.740s] -- Symlinking: /home/koki/openmanipulator_ws/install/open_manipulator_x_controller/share/open_manipulator_x_controller/launch/open_manipulator_x_controller.launch.py
[7.742s] -- Symlinking: /home/koki/openmanipulator_ws/install/open_manipulator_x_controller/share/open_manipulator_x_controller/param/open_manipulator_x_controller_params.yaml
[7.743s] -- Symlinking: /home/koki/openmanipulator_ws/install/open_manipulator_x_controller/lib/open_manipulator_x_controller/create_udev_rules
[7.745s] -- Symlinking: /home/koki/openmanipulator_ws/install/open_manipulator_x_controller/share/ament_index/resource_index/package_run_dependencies/open_manipulator_x_controller
[7.746s] -- Symlinking: /home/koki/openmanipulator_ws/install/open_manipulator_x_controller/share/ament_index/resource_index/parent_prefix_path/open_manipulator_x_controller
[7.748s] -- Symlinking: /home/koki/openmanipulator_ws/install/open_manipulator_x_controller/share/open_manipulator_x_controller/environment/ament_prefix_path.sh
[7.749s] -- Symlinking: /home/koki/openmanipulator_ws/install/open_manipulator_x_controller/share/open_manipulator_x_controller/environment/ament_prefix_path.dsv
[7.751s] -- Symlinking: /home/koki/openmanipulator_ws/install/open_manipulator_x_controller/share/open_manipulator_x_controller/environment/path.sh
[7.752s] -- Symlinking: /home/koki/openmanipulator_ws/install/open_manipulator_x_controller/share/open_manipulator_x_controller/environment/path.dsv
[7.753s] -- Symlinking: /home/koki/openmanipulator_ws/install/open_manipulator_x_controller/share/open_manipulator_x_controller/local_setup.bash
[7.754s] -- Symlinking: /home/koki/openmanipulator_ws/install/open_manipulator_x_controller/share/open_manipulator_x_controller/local_setup.sh
[7.756s] -- Symlinking: /home/koki/openmanipulator_ws/install/open_manipulator_x_controller/share/open_manipulator_x_controller/local_setup.zsh
[7.757s] -- Symlinking: /home/koki/openmanipulator_ws/install/open_manipulator_x_controller/share/open_manipulator_x_controller/local_setup.dsv
[7.759s] -- Symlinking: /home/koki/openmanipulator_ws/install/open_manipulator_x_controller/share/open_manipulator_x_controller/package.dsv
[7.760s] -- Symlinking: /home/koki/openmanipulator_ws/install/open_manipulator_x_controller/share/ament_index/resource_index/packages/open_manipulator_x_controller
[7.761s] -- Symlinking: /home/koki/openmanipulator_ws/install/open_manipulator_x_controller/share/open_manipulator_x_controller/cmake/ament_cmake_export_include_directories-extras.cmake
[7.763s] -- Symlinking: /home/koki/openmanipulator_ws/install/open_manipulator_x_controller/share/open_manipulator_x_controller/cmake/ament_cmake_export_dependencies-extras.cmake
[7.764s] -- Symlinking: /home/koki/openmanipulator_ws/install/open_manipulator_x_controller/share/open_manipulator_x_controller/cmake/open_manipulator_x_controllerConfig.cmake
[7.765s] -- Symlinking: /home/koki/openmanipulator_ws/install/open_manipulator_x_controller/share/open_manipulator_x_controller/cmake/open_manipulator_x_controllerConfig-version.cmake
[7.767s] -- Symlinking: /home/koki/openmanipulator_ws/install/open_manipulator_x_controller/share/open_manipulator_x_controller/package.xml
[7.768s] Invoked command in '/home/koki/openmanipulator_ws/build/open_manipulator_x_controller' returned '0': CMAKE_PREFIX_PATH=/home/koki/openmanipulator_ws/install/open_manipulator_x_libs:/home/koki/openmanipulator_ws/install/robotis_manipulator:/home/koki/openmanipulator_ws/install/dynamixel_workbench_toolbox:/home/koki/openmanipulator_ws/install/open_manipulator_msgs:/home/koki/openmanipulator_ws/install/dynamixel_sdk:/home/koki/openmanipulator_ws/install/cmake_modules:/home/koki/openmanipulator_ws/install/open_manipulator:/home/koki/openmanipulator_ws/install/open_manipulator_x_controller:/home/koki/openmanipulator_ws/install/open_manipulator_x_description:/home/koki/openmanipulator_ws/install/dynamixel_workbench:/home/koki/openmanipulator_ws/install/dynamixel_sdk_examples:/home/koki/openmanipulator_ws/install/dynamixel_sdk_custom_interfaces:/home/koki/openmanipulator_ws/install/open_manipulator_x_teleop:/opt/ros/humble LD_LIBRARY_PATH=/home/koki/openmanipulator_ws/install/open_manipulator_x_libs/lib:/home/koki/openmanipulator_ws/install/robotis_manipulator/lib:/home/koki/openmanipulator_ws/install/dynamixel_workbench_toolbox/lib:/home/koki/openmanipulator_ws/install/open_manipulator_msgs/lib:/home/koki/openmanipulator_ws/install/dynamixel_sdk/lib:/home/koki/openmanipulator_ws/install/dynamixel_sdk_custom_interfaces/lib:/usr/lib/x86_64-linux-gnu/gazebo-11/plugins:/opt/ros/humble/opt/rviz_ogre_vendor/lib:/opt/ros/humble/lib/x86_64-linux-gnu:/opt/ros/humble/lib:/usr/local/cuda/lib64 /usr/local/bin/cmake --install /home/koki/openmanipulator_ws/build/open_manipulator_x_controller
