[0.065s] Invoking command in '/home/koki/openmanipulator_ws/build/robotis_manipulator': AMENT_PREFIX_PATH=/home/koki/openmanipulator_ws/install/cmake_modules:${AMENT_PREFIX_PATH} CMAKE_PREFIX_PATH=/home/koki/openmanipulator_ws/install/cmake_modules:/opt/ros/humble /usr/local/bin/cmake --build /home/koki/openmanipulator_ws/build/robotis_manipulator -- -j20 -l20
[0.078s] -- Found ament_cmake: 1.3.7 (/opt/ros/humble/share/ament_cmake/cmake)
[0.135s] -- Override CMake install command with custom implementation using symlinks instead of copying resources
[0.139s] -- Found cmake_modules: 0.4.1 (/home/koki/openmanipulator_ws/install/cmake_modules/share/cmake_modules/cmake)
[0.140s] -- Found rclcpp: 16.0.8 (/opt/ros/humble/share/rclcpp/cmake)
[0.160s] -- Found rosidl_generator_c: 3.1.5 (/opt/ros/humble/share/rosidl_generator_c/cmake)
[0.162s] -- Found rosidl_adapter: 3.1.5 (/opt/ros/humble/share/rosidl_adapter/cmake)
[0.166s] -- Found rosidl_generator_cpp: 3.1.5 (/opt/ros/humble/share/rosidl_generator_cpp/cmake)
[0.172s] -- Using all available rosidl_typesupport_c: rosidl_typesupport_fastrtps_c;rosidl_typesupport_introspection_c
[0.180s] -- Using all available rosidl_typesupport_cpp: rosidl_typesupport_fastrtps_cpp;rosidl_typesupport_introspection_cpp
[0.218s] -- Found rmw_implementation_cmake: 6.1.1 (/opt/ros/humble/share/rmw_implementation_cmake/cmake)
[0.219s] -- Found rmw_fastrtps_cpp: 6.2.6 (/opt/ros/humble/share/rmw_fastrtps_cpp/cmake)
[0.272s] -- Using RMW implementation 'rmw_fastrtps_cpp' as default
[0.409s] -- Configuring done
[0.416s] -- Generating done
[0.417s] -- Build files have been written to: /home/koki/openmanipulator_ws/build/robotis_manipulator
[0.427s] [35m[1mConsolidate compiler generated dependencies of target robotis_manipulator[0m
[0.444s] [ 14%] [32mBuilding CXX object CMakeFiles/robotis_manipulator.dir/src/robotis_manipulator/robotis_manipulator.cpp.o[0m
[0.444s] [ 28%] [32mBuilding CXX object CMakeFiles/robotis_manipulator.dir/src/robotis_manipulator/robotis_manipulator_common.cpp.o[0m
[0.445s] [ 42%] [32mBuilding CXX object CMakeFiles/robotis_manipulator.dir/src/robotis_manipulator/robotis_manipulator_log.cpp.o[0m
[0.445s] [ 57%] [32mBuilding CXX object CMakeFiles/robotis_manipulator.dir/src/robotis_manipulator/robotis_manipulator_manager.cpp.o[0m
[0.445s] [ 71%] [32mBuilding CXX object CMakeFiles/robotis_manipulator.dir/src/robotis_manipulator/robotis_manipulator_trajectory_generator.cpp.o[0m
[0.446s] [ 85%] [32mBuilding CXX object CMakeFiles/robotis_manipulator.dir/src/robotis_manipulator/robotis_manipulator_math.cpp.o[0m
[5.008s] [100%] [32m[1mLinking CXX shared library librobotis_manipulator.so[0m
[5.173s] [100%] Built target robotis_manipulator
[5.175s] Invoked command in '/home/koki/openmanipulator_ws/build/robotis_manipulator' returned '0': AMENT_PREFIX_PATH=/home/koki/openmanipulator_ws/install/cmake_modules:${AMENT_PREFIX_PATH} CMAKE_PREFIX_PATH=/home/koki/openmanipulator_ws/install/cmake_modules:/opt/ros/humble /usr/local/bin/cmake --build /home/koki/openmanipulator_ws/build/robotis_manipulator -- -j20 -l20
[5.188s] Invoking command in '/home/koki/openmanipulator_ws/build/robotis_manipulator': AMENT_PREFIX_PATH=/home/koki/openmanipulator_ws/install/cmake_modules:${AMENT_PREFIX_PATH} CMAKE_PREFIX_PATH=/home/koki/openmanipulator_ws/install/cmake_modules:/opt/ros/humble /usr/local/bin/cmake --install /home/koki/openmanipulator_ws/build/robotis_manipulator
[5.189s] -- Install configuration: ""
[5.190s] -- Execute custom install script
[5.190s] -- Up-to-date symlink: /home/koki/openmanipulator_ws/install/robotis_manipulator/lib/librobotis_manipulator.so
[5.190s] -- Up-to-date symlink: /home/koki/openmanipulator_ws/install/robotis_manipulator/include//robotis_manipulator/robotis_manipulator.h
[5.190s] -- Up-to-date symlink: /home/koki/openmanipulator_ws/install/robotis_manipulator/include//robotis_manipulator/robotis_manipulator_common.h
[5.190s] -- Up-to-date symlink: /home/koki/openmanipulator_ws/install/robotis_manipulator/include//robotis_manipulator/robotis_manipulator_log.h
[5.190s] -- Up-to-date symlink: /home/koki/openmanipulator_ws/install/robotis_manipulator/include//robotis_manipulator/robotis_manipulator_manager.h
[5.190s] -- Up-to-date symlink: /home/koki/openmanipulator_ws/install/robotis_manipulator/include//robotis_manipulator/robotis_manipulator_math.h
[5.190s] -- Up-to-date symlink: /home/koki/openmanipulator_ws/install/robotis_manipulator/include//robotis_manipulator/robotis_manipulator_trajectory_generator.h
[5.190s] -- Up-to-date symlink: /home/koki/openmanipulator_ws/install/robotis_manipulator/share/robotis_manipulator/environment/library_path.sh
[5.190s] -- Up-to-date symlink: /home/koki/openmanipulator_ws/install/robotis_manipulator/share/robotis_manipulator/environment/library_path.dsv
[5.190s] -- Up-to-date symlink: /home/koki/openmanipulator_ws/install/robotis_manipulator/share/ament_index/resource_index/package_run_dependencies/robotis_manipulator
[5.190s] -- Up-to-date symlink: /home/koki/openmanipulator_ws/install/robotis_manipulator/share/ament_index/resource_index/parent_prefix_path/robotis_manipulator
[5.190s] -- Up-to-date symlink: /home/koki/openmanipulator_ws/install/robotis_manipulator/share/robotis_manipulator/environment/ament_prefix_path.sh
[5.190s] -- Up-to-date symlink: /home/koki/openmanipulator_ws/install/robotis_manipulator/share/robotis_manipulator/environment/ament_prefix_path.dsv
[5.191s] -- Up-to-date symlink: /home/koki/openmanipulator_ws/install/robotis_manipulator/share/robotis_manipulator/environment/path.sh
[5.191s] -- Up-to-date symlink: /home/koki/openmanipulator_ws/install/robotis_manipulator/share/robotis_manipulator/environment/path.dsv
[5.191s] -- Up-to-date symlink: /home/koki/openmanipulator_ws/install/robotis_manipulator/share/robotis_manipulator/local_setup.bash
[5.191s] -- Up-to-date symlink: /home/koki/openmanipulator_ws/install/robotis_manipulator/share/robotis_manipulator/local_setup.sh
[5.191s] -- Up-to-date symlink: /home/koki/openmanipulator_ws/install/robotis_manipulator/share/robotis_manipulator/local_setup.zsh
[5.191s] -- Up-to-date symlink: /home/koki/openmanipulator_ws/install/robotis_manipulator/share/robotis_manipulator/local_setup.dsv
[5.191s] -- Symlinking: /home/koki/openmanipulator_ws/install/robotis_manipulator/share/robotis_manipulator/package.dsv
[5.193s] -- Up-to-date symlink: /home/koki/openmanipulator_ws/install/robotis_manipulator/share/ament_index/resource_index/packages/robotis_manipulator
[5.193s] -- Up-to-date symlink: /home/koki/openmanipulator_ws/install/robotis_manipulator/share/robotis_manipulator/cmake/ament_cmake_export_include_directories-extras.cmake
[5.193s] -- Up-to-date symlink: /home/koki/openmanipulator_ws/install/robotis_manipulator/share/robotis_manipulator/cmake/ament_cmake_export_dependencies-extras.cmake
[5.193s] -- Up-to-date symlink: /home/koki/openmanipulator_ws/install/robotis_manipulator/share/robotis_manipulator/cmake/ament_cmake_export_libraries-extras.cmake
[5.193s] -- Up-to-date symlink: /home/koki/openmanipulator_ws/install/robotis_manipulator/share/robotis_manipulator/cmake/robotis_manipulatorConfig.cmake
[5.193s] -- Up-to-date symlink: /home/koki/openmanipulator_ws/install/robotis_manipulator/share/robotis_manipulator/cmake/robotis_manipulatorConfig-version.cmake
[5.193s] -- Up-to-date symlink: /home/koki/openmanipulator_ws/install/robotis_manipulator/share/robotis_manipulator/package.xml
[5.194s] Invoked command in '/home/koki/openmanipulator_ws/build/robotis_manipulator' returned '0': AMENT_PREFIX_PATH=/home/koki/openmanipulator_ws/install/cmake_modules:${AMENT_PREFIX_PATH} CMAKE_PREFIX_PATH=/home/koki/openmanipulator_ws/install/cmake_modules:/opt/ros/humble /usr/local/bin/cmake --install /home/koki/openmanipulator_ws/build/robotis_manipulator
