[0.122s] Invoking command in '/home/koki/openmanipulator_ws/build/dynamixel_sdk': CMAKE_PREFIX_PATH=/opt/ros/humble /usr/local/bin/cmake --build /home/koki/openmanipulator_ws/build/dynamixel_sdk -- -j20 -l20
[0.150s] -- Found ament_cmake: 1.3.7 (/opt/ros/humble/share/ament_cmake/cmake)
[0.213s] -- Override CMake install command with custom implementation using symlinks instead of copying resources
[0.260s] -- Configuring done
[0.265s] -- Generating done
[0.265s] -- Build files have been written to: /home/koki/openmanipulator_ws/build/dynamixel_sdk
[0.271s] [35m[1mConsolidate compiler generated dependencies of target dynamixel_sdk[0m
[0.278s] [ 10%] [32mBuilding CXX object CMakeFiles/dynamixel_sdk.dir/src/dynamixel_sdk/protocol2_packet_handler.cpp.o[0m
[0.280s] [ 20%] [32mBuilding CXX object CMakeFiles/dynamixel_sdk.dir/src/dynamixel_sdk/port_handler_linux.cpp.o[0m
[0.403s] [ 30%] [32m[1mLinking CXX shared library libdynamixel_sdk.so[0m
[0.451s] [100%] Built target dynamixel_sdk
[0.453s] Invoked command in '/home/koki/openmanipulator_ws/build/dynamixel_sdk' returned '0': CMAKE_PREFIX_PATH=/opt/ros/humble /usr/local/bin/cmake --build /home/koki/openmanipulator_ws/build/dynamixel_sdk -- -j20 -l20
[0.468s] Invoking command in '/home/koki/openmanipulator_ws/build/dynamixel_sdk': CMAKE_PREFIX_PATH=/opt/ros/humble /usr/local/bin/cmake --install /home/koki/openmanipulator_ws/build/dynamixel_sdk
[0.469s] -- Install configuration: ""
[0.470s] -- Execute custom install script
[0.470s] -- Up-to-date symlink: /home/koki/openmanipulator_ws/install/dynamixel_sdk/include//dynamixel_sdk/dynamixel_sdk.h
[0.470s] -- Up-to-date symlink: /home/koki/openmanipulator_ws/install/dynamixel_sdk/include//dynamixel_sdk/group_bulk_read.h
[0.470s] -- Up-to-date symlink: /home/koki/openmanipulator_ws/install/dynamixel_sdk/include//dynamixel_sdk/group_bulk_write.h
[0.470s] -- Up-to-date symlink: /home/koki/openmanipulator_ws/install/dynamixel_sdk/include//dynamixel_sdk/group_sync_read.h
[0.470s] -- Up-to-date symlink: /home/koki/openmanipulator_ws/install/dynamixel_sdk/include//dynamixel_sdk/group_sync_write.h
[0.470s] -- Up-to-date symlink: /home/koki/openmanipulator_ws/install/dynamixel_sdk/include//dynamixel_sdk/packet_handler.h
[0.470s] -- Up-to-date symlink: /home/koki/openmanipulator_ws/install/dynamixel_sdk/include//dynamixel_sdk/port_handler.h
[0.470s] -- Up-to-date symlink: /home/koki/openmanipulator_ws/install/dynamixel_sdk/include//dynamixel_sdk/port_handler_arduino.h
[0.470s] -- Up-to-date symlink: /home/koki/openmanipulator_ws/install/dynamixel_sdk/include//dynamixel_sdk/port_handler_linux.h
[0.470s] -- Up-to-date symlink: /home/koki/openmanipulator_ws/install/dynamixel_sdk/include//dynamixel_sdk/port_handler_mac.h
[0.470s] -- Up-to-date symlink: /home/koki/openmanipulator_ws/install/dynamixel_sdk/include//dynamixel_sdk/port_handler_windows.h
[0.470s] -- Up-to-date symlink: /home/koki/openmanipulator_ws/install/dynamixel_sdk/include//dynamixel_sdk/protocol1_packet_handler.h
[0.470s] -- Up-to-date symlink: /home/koki/openmanipulator_ws/install/dynamixel_sdk/include//dynamixel_sdk/protocol2_packet_handler.h
[0.470s] -- Up-to-date symlink: /home/koki/openmanipulator_ws/install/dynamixel_sdk/lib/libdynamixel_sdk.so
[0.471s] -- Up-to-date symlink: /home/koki/openmanipulator_ws/install/dynamixel_sdk/share/dynamixel_sdk/environment/library_path.sh
[0.471s] -- Up-to-date symlink: /home/koki/openmanipulator_ws/install/dynamixel_sdk/share/dynamixel_sdk/environment/library_path.dsv
[0.471s] -- Up-to-date symlink: /home/koki/openmanipulator_ws/install/dynamixel_sdk/share/ament_index/resource_index/package_run_dependencies/dynamixel_sdk
[0.471s] -- Up-to-date symlink: /home/koki/openmanipulator_ws/install/dynamixel_sdk/share/ament_index/resource_index/parent_prefix_path/dynamixel_sdk
[0.471s] -- Up-to-date symlink: /home/koki/openmanipulator_ws/install/dynamixel_sdk/share/dynamixel_sdk/environment/ament_prefix_path.sh
[0.471s] -- Up-to-date symlink: /home/koki/openmanipulator_ws/install/dynamixel_sdk/share/dynamixel_sdk/environment/ament_prefix_path.dsv
[0.471s] -- Up-to-date symlink: /home/koki/openmanipulator_ws/install/dynamixel_sdk/share/dynamixel_sdk/environment/path.sh
[0.471s] -- Up-to-date symlink: /home/koki/openmanipulator_ws/install/dynamixel_sdk/share/dynamixel_sdk/environment/path.dsv
[0.471s] -- Up-to-date symlink: /home/koki/openmanipulator_ws/install/dynamixel_sdk/share/dynamixel_sdk/local_setup.bash
[0.471s] -- Up-to-date symlink: /home/koki/openmanipulator_ws/install/dynamixel_sdk/share/dynamixel_sdk/local_setup.sh
[0.471s] -- Up-to-date symlink: /home/koki/openmanipulator_ws/install/dynamixel_sdk/share/dynamixel_sdk/local_setup.zsh
[0.471s] -- Up-to-date symlink: /home/koki/openmanipulator_ws/install/dynamixel_sdk/share/dynamixel_sdk/local_setup.dsv
[0.471s] -- Symlinking: /home/koki/openmanipulator_ws/install/dynamixel_sdk/share/dynamixel_sdk/package.dsv
[0.473s] -- Up-to-date symlink: /home/koki/openmanipulator_ws/install/dynamixel_sdk/share/ament_index/resource_index/packages/dynamixel_sdk
[0.473s] -- Up-to-date symlink: /home/koki/openmanipulator_ws/install/dynamixel_sdk/share/dynamixel_sdk/cmake/ament_cmake_export_include_directories-extras.cmake
[0.473s] -- Up-to-date symlink: /home/koki/openmanipulator_ws/install/dynamixel_sdk/share/dynamixel_sdk/cmake/ament_cmake_export_libraries-extras.cmake
[0.474s] -- Up-to-date symlink: /home/koki/openmanipulator_ws/install/dynamixel_sdk/share/dynamixel_sdk/cmake/dynamixel_sdkConfig.cmake
[0.474s] -- Up-to-date symlink: /home/koki/openmanipulator_ws/install/dynamixel_sdk/share/dynamixel_sdk/cmake/dynamixel_sdkConfig-version.cmake
[0.474s] -- Up-to-date symlink: /home/koki/openmanipulator_ws/install/dynamixel_sdk/share/dynamixel_sdk/package.xml
[0.474s] Invoked command in '/home/koki/openmanipulator_ws/build/dynamixel_sdk' returned '0': CMAKE_PREFIX_PATH=/opt/ros/humble /usr/local/bin/cmake --install /home/koki/openmanipulator_ws/build/dynamixel_sdk
