[0.030s] Invoking command in '/home/koki/openmanipulator_ws/build/open_manipulator_x_controller': AMENT_PREFIX_PATH=/home/koki/openmanipulator_ws/install/open_manipulator_x_libs:/home/koki/openmanipulator_ws/install/robotis_manipulator:/home/koki/openmanipulator_ws/install/dynamixel_workbench_toolbox:/home/koki/openmanipulator_ws/install/open_manipulator_msgs:/home/koki/openmanipulator_ws/install/dynamixel_sdk:/home/koki/openmanipulator_ws/install/cmake_modules:${AMENT_PREFIX_PATH} CMAKE_PREFIX_PATH=/home/koki/openmanipulator_ws/install/open_manipulator_x_libs:/home/koki/openmanipulator_ws/install/robotis_manipulator:/home/koki/openmanipulator_ws/install/dynamixel_workbench_toolbox:/home/koki/openmanipulator_ws/install/open_manipulator_msgs:/home/koki/openmanipulator_ws/install/dynamixel_sdk:/home/koki/openmanipulator_ws/install/cmake_modules:/opt/ros/humble LD_LIBRARY_PATH=/home/koki/openmanipulator_ws/install/open_manipulator_x_libs/lib:/home/koki/openmanipulator_ws/install/robotis_manipulator/lib:/home/koki/openmanipulator_ws/install/dynamixel_workbench_toolbox/lib:/home/koki/openmanipulator_ws/install/open_manipulator_msgs/lib:/home/koki/openmanipulator_ws/install/dynamixel_sdk/lib:/usr/lib/x86_64-linux-gnu/gazebo-11/plugins:/opt/ros/humble/opt/rviz_ogre_vendor/lib:/opt/ros/humble/lib/x86_64-linux-gnu:/opt/ros/humble/lib:/usr/local/cuda/lib64 PYTHONPATH=/home/koki/openmanipulator_ws/install/open_manipulator_msgs/local/lib/python3.10/dist-packages:${PYTHONPATH} /usr/local/bin/cmake --build /home/koki/openmanipulator_ws/build/open_manipulator_x_controller -- -j20 -l20
[0.039s] -- Found ament_cmake: 1.3.7 (/opt/ros/humble/share/ament_cmake/cmake)
[0.097s] -- Override CMake install command with custom implementation using symlinks instead of copying resources
[0.100s] -- Found geometry_msgs: 4.2.3 (/opt/ros/humble/share/geometry_msgs/cmake)
[0.115s] -- Found rosidl_generator_c: 3.1.5 (/opt/ros/humble/share/rosidl_generator_c/cmake)
[0.116s] -- Found rosidl_adapter: 3.1.5 (/opt/ros/humble/share/rosidl_adapter/cmake)
[0.120s] -- Found rosidl_generator_cpp: 3.1.5 (/opt/ros/humble/share/rosidl_generator_cpp/cmake)
[0.126s] -- Using all available rosidl_typesupport_c: rosidl_typesupport_fastrtps_c;rosidl_typesupport_introspection_c
[0.135s] -- Using all available rosidl_typesupport_cpp: rosidl_typesupport_fastrtps_cpp;rosidl_typesupport_introspection_cpp
[0.195s] -- Found open_manipulator_msgs: 2.2.0 (/home/koki/openmanipulator_ws/install/open_manipulator_msgs/share/open_manipulator_msgs/cmake)
[0.238s] -- Found open_manipulator_x_libs: 2.3.0 (/home/koki/openmanipulator_ws/install/open_manipulator_x_libs/share/open_manipulator_x_libs/cmake)
[0.266s] -- Found rmw_implementation_cmake: 6.1.1 (/opt/ros/humble/share/rmw_implementation_cmake/cmake)
[0.267s] -- Found rmw_fastrtps_cpp: 6.2.6 (/opt/ros/humble/share/rmw_fastrtps_cpp/cmake)
[0.333s] -- Using RMW implementation 'rmw_fastrtps_cpp' as default
[0.419s] -- Found sensor_msgs: 4.2.3 (/opt/ros/humble/share/sensor_msgs/cmake)
[0.465s] -- Found trajectory_msgs: 4.2.3 (/opt/ros/humble/share/trajectory_msgs/cmake)
[0.564s] -- Configuring done
[0.574s] -- Generating done
[0.575s] -- Build files have been written to: /home/koki/openmanipulator_ws/build/open_manipulator_x_controller
[0.584s] [35m[1mConsolidate compiler generated dependencies of target open_manipulator_x_controller[0m
[0.594s] [ 50%] [32mBuilding CXX object CMakeFiles/open_manipulator_x_controller.dir/src/open_manipulator_x_controller.cpp.o[0m
[2.186s] [01m[K/home/koki/openmanipulator_ws/src/open_manipulator/open_manipulator_x_controller/src/open_manipulator_x_controller.cpp:[m[K In member function ‘[01m[Kvoid open_manipulator_x_controller::OpenManipulatorXController::init_publisher()[m[K’:
[2.186s] [01m[K/home/koki/openmanipulator_ws/src/open_manipulator/open_manipulator_x_controller/src/open_manipulator_x_controller.cpp:103:21:[m[K [01;35m[Kwarning: [m[Kunused variable ‘[01m[Kname[m[K’ [[01;35m[K]8;;https://gcc.gnu.org/onlinedocs/gcc/Warning-Options.html#index-Wunused-variable-Wunused-variable]8;;[m[K]
[2.186s]   103 |  for (auto const & [01;35m[Kname[m[K:tools_name)
[2.186s]       |                    [01;35m[K^~~~[m[K
[2.186s] 
[7.385s] [100%] [32m[1mLinking CXX executable open_manipulator_x_controller[0m
[7.804s] [100%] Built target open_manipulator_x_controller
[7.806s] Invoked command in '/home/koki/openmanipulator_ws/build/open_manipulator_x_controller' returned '0': AMENT_PREFIX_PATH=/home/koki/openmanipulator_ws/install/open_manipulator_x_libs:/home/koki/openmanipulator_ws/install/robotis_manipulator:/home/koki/openmanipulator_ws/install/dynamixel_workbench_toolbox:/home/koki/openmanipulator_ws/install/open_manipulator_msgs:/home/koki/openmanipulator_ws/install/dynamixel_sdk:/home/koki/openmanipulator_ws/install/cmake_modules:${AMENT_PREFIX_PATH} CMAKE_PREFIX_PATH=/home/koki/openmanipulator_ws/install/open_manipulator_x_libs:/home/koki/openmanipulator_ws/install/robotis_manipulator:/home/koki/openmanipulator_ws/install/dynamixel_workbench_toolbox:/home/koki/openmanipulator_ws/install/open_manipulator_msgs:/home/koki/openmanipulator_ws/install/dynamixel_sdk:/home/koki/openmanipulator_ws/install/cmake_modules:/opt/ros/humble LD_LIBRARY_PATH=/home/koki/openmanipulator_ws/install/open_manipulator_x_libs/lib:/home/koki/openmanipulator_ws/install/robotis_manipulator/lib:/home/koki/openmanipulator_ws/install/dynamixel_workbench_toolbox/lib:/home/koki/openmanipulator_ws/install/open_manipulator_msgs/lib:/home/koki/openmanipulator_ws/install/dynamixel_sdk/lib:/usr/lib/x86_64-linux-gnu/gazebo-11/plugins:/opt/ros/humble/opt/rviz_ogre_vendor/lib:/opt/ros/humble/lib/x86_64-linux-gnu:/opt/ros/humble/lib:/usr/local/cuda/lib64 PYTHONPATH=/home/koki/openmanipulator_ws/install/open_manipulator_msgs/local/lib/python3.10/dist-packages:${PYTHONPATH} /usr/local/bin/cmake --build /home/koki/openmanipulator_ws/build/open_manipulator_x_controller -- -j20 -l20
[7.814s] Invoking command in '/home/koki/openmanipulator_ws/build/open_manipulator_x_controller': AMENT_PREFIX_PATH=/home/koki/openmanipulator_ws/install/open_manipulator_x_libs:/home/koki/openmanipulator_ws/install/robotis_manipulator:/home/koki/openmanipulator_ws/install/dynamixel_workbench_toolbox:/home/koki/openmanipulator_ws/install/open_manipulator_msgs:/home/koki/openmanipulator_ws/install/dynamixel_sdk:/home/koki/openmanipulator_ws/install/cmake_modules:${AMENT_PREFIX_PATH} CMAKE_PREFIX_PATH=/home/koki/openmanipulator_ws/install/open_manipulator_x_libs:/home/koki/openmanipulator_ws/install/robotis_manipulator:/home/koki/openmanipulator_ws/install/dynamixel_workbench_toolbox:/home/koki/openmanipulator_ws/install/open_manipulator_msgs:/home/koki/openmanipulator_ws/install/dynamixel_sdk:/home/koki/openmanipulator_ws/install/cmake_modules:/opt/ros/humble LD_LIBRARY_PATH=/home/koki/openmanipulator_ws/install/open_manipulator_x_libs/lib:/home/koki/openmanipulator_ws/install/robotis_manipulator/lib:/home/koki/openmanipulator_ws/install/dynamixel_workbench_toolbox/lib:/home/koki/openmanipulator_ws/install/open_manipulator_msgs/lib:/home/koki/openmanipulator_ws/install/dynamixel_sdk/lib:/usr/lib/x86_64-linux-gnu/gazebo-11/plugins:/opt/ros/humble/opt/rviz_ogre_vendor/lib:/opt/ros/humble/lib/x86_64-linux-gnu:/opt/ros/humble/lib:/usr/local/cuda/lib64 PYTHONPATH=/home/koki/openmanipulator_ws/install/open_manipulator_msgs/local/lib/python3.10/dist-packages:${PYTHONPATH} /usr/local/bin/cmake --install /home/koki/openmanipulator_ws/build/open_manipulator_x_controller
[7.815s] -- Install configuration: ""
[7.816s] -- Execute custom install script
[7.816s] -- Up-to-date symlink: /home/koki/openmanipulator_ws/install/open_manipulator_x_controller/lib/open_manipulator_x_controller/open_manipulator_x_controller
[7.816s] -- Up-to-date symlink: /home/koki/openmanipulator_ws/install/open_manipulator_x_controller/share/open_manipulator_x_controller/99-open-manipulator-cdc.rules
[7.816s] -- Up-to-date symlink: /home/koki/openmanipulator_ws/install/open_manipulator_x_controller/share/open_manipulator_x_controller/launch/open_manipulator_x_controller.launch.py
[7.816s] -- Up-to-date symlink: /home/koki/openmanipulator_ws/install/open_manipulator_x_controller/share/open_manipulator_x_controller/param/open_manipulator_x_controller_params.yaml
[7.816s] -- Up-to-date symlink: /home/koki/openmanipulator_ws/install/open_manipulator_x_controller/lib/open_manipulator_x_controller/create_udev_rules
[7.816s] -- Up-to-date symlink: /home/koki/openmanipulator_ws/install/open_manipulator_x_controller/share/ament_index/resource_index/package_run_dependencies/open_manipulator_x_controller
[7.816s] -- Up-to-date symlink: /home/koki/openmanipulator_ws/install/open_manipulator_x_controller/share/ament_index/resource_index/parent_prefix_path/open_manipulator_x_controller
[7.816s] -- Up-to-date symlink: /home/koki/openmanipulator_ws/install/open_manipulator_x_controller/share/open_manipulator_x_controller/environment/ament_prefix_path.sh
[7.817s] -- Up-to-date symlink: /home/koki/openmanipulator_ws/install/open_manipulator_x_controller/share/open_manipulator_x_controller/environment/ament_prefix_path.dsv
[7.817s] -- Up-to-date symlink: /home/koki/openmanipulator_ws/install/open_manipulator_x_controller/share/open_manipulator_x_controller/environment/path.sh
[7.817s] -- Up-to-date symlink: /home/koki/openmanipulator_ws/install/open_manipulator_x_controller/share/open_manipulator_x_controller/environment/path.dsv
[7.817s] -- Up-to-date symlink: /home/koki/openmanipulator_ws/install/open_manipulator_x_controller/share/open_manipulator_x_controller/local_setup.bash
[7.817s] -- Up-to-date symlink: /home/koki/openmanipulator_ws/install/open_manipulator_x_controller/share/open_manipulator_x_controller/local_setup.sh
[7.817s] -- Up-to-date symlink: /home/koki/openmanipulator_ws/install/open_manipulator_x_controller/share/open_manipulator_x_controller/local_setup.zsh
[7.817s] -- Up-to-date symlink: /home/koki/openmanipulator_ws/install/open_manipulator_x_controller/share/open_manipulator_x_controller/local_setup.dsv
[7.817s] -- Symlinking: /home/koki/openmanipulator_ws/install/open_manipulator_x_controller/share/open_manipulator_x_controller/package.dsv
[7.818s] -- Up-to-date symlink: /home/koki/openmanipulator_ws/install/open_manipulator_x_controller/share/ament_index/resource_index/packages/open_manipulator_x_controller
[7.819s] -- Up-to-date symlink: /home/koki/openmanipulator_ws/install/open_manipulator_x_controller/share/open_manipulator_x_controller/cmake/ament_cmake_export_include_directories-extras.cmake
[7.819s] -- Up-to-date symlink: /home/koki/openmanipulator_ws/install/open_manipulator_x_controller/share/open_manipulator_x_controller/cmake/ament_cmake_export_dependencies-extras.cmake
[7.819s] -- Up-to-date symlink: /home/koki/openmanipulator_ws/install/open_manipulator_x_controller/share/open_manipulator_x_controller/cmake/open_manipulator_x_controllerConfig.cmake
[7.819s] -- Up-to-date symlink: /home/koki/openmanipulator_ws/install/open_manipulator_x_controller/share/open_manipulator_x_controller/cmake/open_manipulator_x_controllerConfig-version.cmake
[7.819s] -- Up-to-date symlink: /home/koki/openmanipulator_ws/install/open_manipulator_x_controller/share/open_manipulator_x_controller/package.xml
[7.819s] Invoked command in '/home/koki/openmanipulator_ws/build/open_manipulator_x_controller' returned '0': AMENT_PREFIX_PATH=/home/koki/openmanipulator_ws/install/open_manipulator_x_libs:/home/koki/openmanipulator_ws/install/robotis_manipulator:/home/koki/openmanipulator_ws/install/dynamixel_workbench_toolbox:/home/koki/openmanipulator_ws/install/open_manipulator_msgs:/home/koki/openmanipulator_ws/install/dynamixel_sdk:/home/koki/openmanipulator_ws/install/cmake_modules:${AMENT_PREFIX_PATH} CMAKE_PREFIX_PATH=/home/koki/openmanipulator_ws/install/open_manipulator_x_libs:/home/koki/openmanipulator_ws/install/robotis_manipulator:/home/koki/openmanipulator_ws/install/dynamixel_workbench_toolbox:/home/koki/openmanipulator_ws/install/open_manipulator_msgs:/home/koki/openmanipulator_ws/install/dynamixel_sdk:/home/koki/openmanipulator_ws/install/cmake_modules:/opt/ros/humble LD_LIBRARY_PATH=/home/koki/openmanipulator_ws/install/open_manipulator_x_libs/lib:/home/koki/openmanipulator_ws/install/robotis_manipulator/lib:/home/koki/openmanipulator_ws/install/dynamixel_workbench_toolbox/lib:/home/koki/openmanipulator_ws/install/open_manipulator_msgs/lib:/home/koki/openmanipulator_ws/install/dynamixel_sdk/lib:/usr/lib/x86_64-linux-gnu/gazebo-11/plugins:/opt/ros/humble/opt/rviz_ogre_vendor/lib:/opt/ros/humble/lib/x86_64-linux-gnu:/opt/ros/humble/lib:/usr/local/cuda/lib64 PYTHONPATH=/home/koki/openmanipulator_ws/install/open_manipulator_msgs/local/lib/python3.10/dist-packages:${PYTHONPATH} /usr/local/bin/cmake --install /home/koki/openmanipulator_ws/build/open_manipulator_x_controller
