[0.099s] Invoking command in '/home/koki/openmanipulator_ws/build/cmake_modules': CMAKE_PREFIX_PATH=/opt/ros/humble /usr/local/bin/cmake --build /home/koki/openmanipulator_ws/build/cmake_modules -- -j20 -l20
[0.125s] -- Found ament_cmake: 1.3.7 (/opt/ros/humble/share/ament_cmake/cmake)
[0.188s] -- Override CMake install command with custom implementation using symlinks instead of copying resources
[0.234s] -- Configuring done
[0.237s] -- Generating done
[0.237s] -- Build files have been written to: /home/koki/openmanipulator_ws/build/cmake_modules
[0.242s] Invoked command in '/home/koki/openmanipulator_ws/build/cmake_modules' returned '0': CMAKE_PREFIX_PATH=/opt/ros/humble /usr/local/bin/cmake --build /home/koki/openmanipulator_ws/build/cmake_modules -- -j20 -l20
[0.251s] Invoking command in '/home/koki/openmanipulator_ws/build/cmake_modules': CMAKE_PREFIX_PATH=/opt/ros/humble /usr/local/bin/cmake --install /home/koki/openmanipulator_ws/build/cmake_modules
[0.252s] -- Install configuration: ""
[0.252s] -- Execute custom install script
[0.252s] -- Up-to-date symlink: /home/koki/openmanipulator_ws/install/cmake_modules/share/cmake_modules/cmake/Modules/FindGSL.cmake
[0.252s] -- Up-to-date symlink: /home/koki/openmanipulator_ws/install/cmake_modules/share/cmake_modules/cmake/Modules/FindGflags.cmake
[0.252s] -- Up-to-date symlink: /home/koki/openmanipulator_ws/install/cmake_modules/share/cmake_modules/cmake/Modules/FindNUMPY.cmake
[0.252s] -- Up-to-date symlink: /home/koki/openmanipulator_ws/install/cmake_modules/share/cmake_modules/cmake/Modules/FindPoco.cmake
[0.252s] -- Up-to-date symlink: /home/koki/openmanipulator_ws/install/cmake_modules/share/cmake_modules/cmake/Modules/FindTBB.cmake
[0.252s] -- Up-to-date symlink: /home/koki/openmanipulator_ws/install/cmake_modules/share/cmake_modules/cmake/Modules/FindTinyXML.cmake
[0.253s] -- Up-to-date symlink: /home/koki/openmanipulator_ws/install/cmake_modules/share/cmake_modules/cmake/Modules/FindTinyXML2.cmake
[0.253s] -- Up-to-date symlink: /home/koki/openmanipulator_ws/install/cmake_modules/share/cmake_modules/cmake/Modules/FindUUID.cmake
[0.253s] -- Up-to-date symlink: /home/koki/openmanipulator_ws/install/cmake_modules/share/cmake_modules/cmake/Modules/FindXenomai.cmake
[0.253s] -- Up-to-date symlink: /home/koki/openmanipulator_ws/install/cmake_modules/share/ament_index/resource_index/package_run_dependencies/cmake_modules
[0.253s] -- Up-to-date symlink: /home/koki/openmanipulator_ws/install/cmake_modules/share/ament_index/resource_index/parent_prefix_path/cmake_modules
[0.253s] -- Up-to-date symlink: /home/koki/openmanipulator_ws/install/cmake_modules/share/cmake_modules/environment/ament_prefix_path.sh
[0.253s] -- Up-to-date symlink: /home/koki/openmanipulator_ws/install/cmake_modules/share/cmake_modules/environment/ament_prefix_path.dsv
[0.253s] -- Up-to-date symlink: /home/koki/openmanipulator_ws/install/cmake_modules/share/cmake_modules/environment/path.sh
[0.253s] -- Up-to-date symlink: /home/koki/openmanipulator_ws/install/cmake_modules/share/cmake_modules/environment/path.dsv
[0.253s] -- Up-to-date symlink: /home/koki/openmanipulator_ws/install/cmake_modules/share/cmake_modules/local_setup.bash
[0.253s] -- Up-to-date symlink: /home/koki/openmanipulator_ws/install/cmake_modules/share/cmake_modules/local_setup.sh
[0.253s] -- Up-to-date symlink: /home/koki/openmanipulator_ws/install/cmake_modules/share/cmake_modules/local_setup.zsh
[0.253s] -- Up-to-date symlink: /home/koki/openmanipulator_ws/install/cmake_modules/share/cmake_modules/local_setup.dsv
[0.253s] -- Symlinking: /home/koki/openmanipulator_ws/install/cmake_modules/share/cmake_modules/package.dsv
[0.255s] -- Up-to-date symlink: /home/koki/openmanipulator_ws/install/cmake_modules/share/ament_index/resource_index/packages/cmake_modules
[0.255s] -- Up-to-date symlink: /home/koki/openmanipulator_ws/install/cmake_modules/share/cmake_modules/cmake/cmake_modules-extras.cmake
[0.255s] -- Up-to-date symlink: /home/koki/openmanipulator_ws/install/cmake_modules/share/cmake_modules/cmake/ament_cmake_export_dependencies-extras.cmake
[0.255s] -- Up-to-date symlink: /home/koki/openmanipulator_ws/install/cmake_modules/share/cmake_modules/cmake/cmake_modulesConfig.cmake
[0.255s] -- Up-to-date symlink: /home/koki/openmanipulator_ws/install/cmake_modules/share/cmake_modules/cmake/cmake_modulesConfig-version.cmake
[0.255s] -- Up-to-date symlink: /home/koki/openmanipulator_ws/install/cmake_modules/share/cmake_modules/package.xml
[0.256s] Invoked command in '/home/koki/openmanipulator_ws/build/cmake_modules' returned '0': CMAKE_PREFIX_PATH=/opt/ros/humble /usr/local/bin/cmake --install /home/koki/openmanipulator_ws/build/cmake_modules
