[0.116s] Invoking command in '/home/koki/openmanipulator_ws/build/cmake_modules': CMAKE_PREFIX_PATH=${CMAKE_PREFIX_PATH}:/home/koki/openmanipulator_ws/install/open_manipulator_x_teleop:/opt/ros/humble /usr/local/bin/cmake /home/koki/openmanipulator_ws/src/open_manipulator_dependencies/cmake_modules -DAMENT_CMAKE_SYMLINK_INSTALL=1 -DCMAKE_INSTALL_PREFIX=/home/koki/openmanipulator_ws/install/cmake_modules
[0.194s] -- The C compiler identification is GNU 11.4.0
[0.248s] -- The CXX compiler identification is GNU 11.4.0
[0.253s] -- Detecting C compiler ABI info
[0.284s] -- Detecting C compiler ABI info - done
[0.288s] -- Check for working C compiler: /usr/bin/cc - skipped
[0.289s] -- Detecting C compile features
[0.289s] -- Detecting C compile features - done
[0.291s] -- Detecting CXX compiler ABI info
[0.324s] -- Detecting CXX compiler ABI info - done
[0.329s] -- Check for working CXX compiler: /usr/bin/c++ - skipped
[0.329s] -- Detecting CXX compile features
[0.329s] -- Detecting CXX compile features - done
[0.334s] -- Found ament_cmake: 1.3.6 (/opt/ros/humble/share/ament_cmake/cmake)
[0.437s] -- Found Python3: /usr/bin/python3.10 (found version "3.10.12") found components: Interpreter 
[0.474s] -- Override CMake install command with custom implementation using symlinks instead of copying resources
[0.532s] -- Configuring done
[0.533s] -- Generating done
[0.534s] -- Build files have been written to: /home/koki/openmanipulator_ws/build/cmake_modules
[0.538s] Invoked command in '/home/koki/openmanipulator_ws/build/cmake_modules' returned '0': CMAKE_PREFIX_PATH=${CMAKE_PREFIX_PATH}:/home/koki/openmanipulator_ws/install/open_manipulator_x_teleop:/opt/ros/humble /usr/local/bin/cmake /home/koki/openmanipulator_ws/src/open_manipulator_dependencies/cmake_modules -DAMENT_CMAKE_SYMLINK_INSTALL=1 -DCMAKE_INSTALL_PREFIX=/home/koki/openmanipulator_ws/install/cmake_modules
[0.538s] Invoking command in '/home/koki/openmanipulator_ws/build/cmake_modules': CMAKE_PREFIX_PATH=${CMAKE_PREFIX_PATH}:/home/koki/openmanipulator_ws/install/open_manipulator_x_teleop:/opt/ros/humble /usr/local/bin/cmake --build /home/koki/openmanipulator_ws/build/cmake_modules -- -j20 -l20
[0.545s] Invoked command in '/home/koki/openmanipulator_ws/build/cmake_modules' returned '0': CMAKE_PREFIX_PATH=${CMAKE_PREFIX_PATH}:/home/koki/openmanipulator_ws/install/open_manipulator_x_teleop:/opt/ros/humble /usr/local/bin/cmake --build /home/koki/openmanipulator_ws/build/cmake_modules -- -j20 -l20
[0.558s] Invoking command in '/home/koki/openmanipulator_ws/build/cmake_modules': CMAKE_PREFIX_PATH=${CMAKE_PREFIX_PATH}:/home/koki/openmanipulator_ws/install/open_manipulator_x_teleop:/opt/ros/humble /usr/local/bin/cmake --install /home/koki/openmanipulator_ws/build/cmake_modules
[0.558s] -- Install configuration: ""
[0.559s] -- Execute custom install script
[0.559s] -- Symlinking: /home/koki/openmanipulator_ws/install/cmake_modules/share/cmake_modules/cmake/Modules/FindGSL.cmake
[0.561s] -- Symlinking: /home/koki/openmanipulator_ws/install/cmake_modules/share/cmake_modules/cmake/Modules/FindGflags.cmake
[0.562s] -- Symlinking: /home/koki/openmanipulator_ws/install/cmake_modules/share/cmake_modules/cmake/Modules/FindNUMPY.cmake
[0.564s] -- Symlinking: /home/koki/openmanipulator_ws/install/cmake_modules/share/cmake_modules/cmake/Modules/FindPoco.cmake
[0.565s] -- Symlinking: /home/koki/openmanipulator_ws/install/cmake_modules/share/cmake_modules/cmake/Modules/FindTBB.cmake
[0.566s] -- Symlinking: /home/koki/openmanipulator_ws/install/cmake_modules/share/cmake_modules/cmake/Modules/FindTinyXML.cmake
[0.568s] -- Symlinking: /home/koki/openmanipulator_ws/install/cmake_modules/share/cmake_modules/cmake/Modules/FindTinyXML2.cmake
[0.569s] -- Symlinking: /home/koki/openmanipulator_ws/install/cmake_modules/share/cmake_modules/cmake/Modules/FindUUID.cmake
[0.571s] -- Symlinking: /home/koki/openmanipulator_ws/install/cmake_modules/share/cmake_modules/cmake/Modules/FindXenomai.cmake
[0.572s] -- Symlinking: /home/koki/openmanipulator_ws/install/cmake_modules/share/ament_index/resource_index/package_run_dependencies/cmake_modules
[0.574s] -- Symlinking: /home/koki/openmanipulator_ws/install/cmake_modules/share/ament_index/resource_index/parent_prefix_path/cmake_modules
[0.575s] -- Symlinking: /home/koki/openmanipulator_ws/install/cmake_modules/share/cmake_modules/environment/ament_prefix_path.sh
[0.577s] -- Symlinking: /home/koki/openmanipulator_ws/install/cmake_modules/share/cmake_modules/environment/ament_prefix_path.dsv
[0.578s] -- Symlinking: /home/koki/openmanipulator_ws/install/cmake_modules/share/cmake_modules/environment/path.sh
[0.580s] -- Symlinking: /home/koki/openmanipulator_ws/install/cmake_modules/share/cmake_modules/environment/path.dsv
[0.581s] -- Symlinking: /home/koki/openmanipulator_ws/install/cmake_modules/share/cmake_modules/local_setup.bash
[0.583s] -- Symlinking: /home/koki/openmanipulator_ws/install/cmake_modules/share/cmake_modules/local_setup.sh
[0.585s] -- Symlinking: /home/koki/openmanipulator_ws/install/cmake_modules/share/cmake_modules/local_setup.zsh
[0.586s] -- Symlinking: /home/koki/openmanipulator_ws/install/cmake_modules/share/cmake_modules/local_setup.dsv
[0.589s] -- Symlinking: /home/koki/openmanipulator_ws/install/cmake_modules/share/cmake_modules/package.dsv
[0.590s] -- Symlinking: /home/koki/openmanipulator_ws/install/cmake_modules/share/ament_index/resource_index/packages/cmake_modules
[0.592s] -- Symlinking: /home/koki/openmanipulator_ws/install/cmake_modules/share/cmake_modules/cmake/cmake_modules-extras.cmake
[0.594s] -- Symlinking: /home/koki/openmanipulator_ws/install/cmake_modules/share/cmake_modules/cmake/ament_cmake_export_dependencies-extras.cmake
[0.596s] -- Symlinking: /home/koki/openmanipulator_ws/install/cmake_modules/share/cmake_modules/cmake/cmake_modulesConfig.cmake
[0.598s] -- Symlinking: /home/koki/openmanipulator_ws/install/cmake_modules/share/cmake_modules/cmake/cmake_modulesConfig-version.cmake
[0.600s] -- Symlinking: /home/koki/openmanipulator_ws/install/cmake_modules/share/cmake_modules/package.xml
[0.603s] Invoked command in '/home/koki/openmanipulator_ws/build/cmake_modules' returned '0': CMAKE_PREFIX_PATH=${CMAKE_PREFIX_PATH}:/home/koki/openmanipulator_ws/install/open_manipulator_x_teleop:/opt/ros/humble /usr/local/bin/cmake --install /home/koki/openmanipulator_ws/build/cmake_modules
