[0.036s] Invoking command in '/home/koki/openmanipulator_ws/build/open_manipulator_x_description': CMAKE_PREFIX_PATH=${CMAKE_PREFIX_PATH}:/home/koki/openmanipulator_ws/install/open_manipulator_x_teleop:/opt/ros/humble /usr/local/bin/cmake /home/koki/openmanipulator_ws/src/open_manipulator/open_manipulator_x_description -DAMENT_CMAKE_SYMLINK_INSTALL=1 -DCMAKE_INSTALL_PREFIX=/home/koki/openmanipulator_ws/install/open_manipulator_x_description
[0.110s] -- The C compiler identification is GNU 11.4.0
[0.164s] -- The CXX compiler identification is GNU 11.4.0
[0.170s] -- Detecting C compiler ABI info
[0.201s] -- Detecting C compiler ABI info - done
[0.208s] -- Check for working C compiler: /usr/bin/cc - skipped
[0.209s] -- Detecting C compile features
[0.209s] -- Detecting C compile features - done
[0.212s] -- Detecting CXX compiler ABI info
[0.242s] -- Detecting CXX compiler ABI info - done
[0.249s] -- Check for working CXX compiler: /usr/bin/c++ - skipped
[0.249s] -- Detecting CXX compile features
[0.250s] -- Detecting CXX compile features - done
[0.251s] -- Found ament_cmake: 1.3.6 (/opt/ros/humble/share/ament_cmake/cmake)
[0.353s] -- Found Python3: /usr/bin/python3.10 (found version "3.10.12") found components: Interpreter 
[0.391s] -- Override CMake install command with custom implementation using symlinks instead of copying resources
[0.448s] -- Configuring done
[0.449s] -- Generating done
[0.450s] -- Build files have been written to: /home/koki/openmanipulator_ws/build/open_manipulator_x_description
[0.452s] Invoked command in '/home/koki/openmanipulator_ws/build/open_manipulator_x_description' returned '0': CMAKE_PREFIX_PATH=${CMAKE_PREFIX_PATH}:/home/koki/openmanipulator_ws/install/open_manipulator_x_teleop:/opt/ros/humble /usr/local/bin/cmake /home/koki/openmanipulator_ws/src/open_manipulator/open_manipulator_x_description -DAMENT_CMAKE_SYMLINK_INSTALL=1 -DCMAKE_INSTALL_PREFIX=/home/koki/openmanipulator_ws/install/open_manipulator_x_description
[0.453s] Invoking command in '/home/koki/openmanipulator_ws/build/open_manipulator_x_description': CMAKE_PREFIX_PATH=${CMAKE_PREFIX_PATH}:/home/koki/openmanipulator_ws/install/open_manipulator_x_teleop:/opt/ros/humble /usr/local/bin/cmake --build /home/koki/openmanipulator_ws/build/open_manipulator_x_description -- -j20 -l20
[0.461s] Invoked command in '/home/koki/openmanipulator_ws/build/open_manipulator_x_description' returned '0': CMAKE_PREFIX_PATH=${CMAKE_PREFIX_PATH}:/home/koki/openmanipulator_ws/install/open_manipulator_x_teleop:/opt/ros/humble /usr/local/bin/cmake --build /home/koki/openmanipulator_ws/build/open_manipulator_x_description -- -j20 -l20
[0.472s] Invoking command in '/home/koki/openmanipulator_ws/build/open_manipulator_x_description': CMAKE_PREFIX_PATH=${CMAKE_PREFIX_PATH}:/home/koki/openmanipulator_ws/install/open_manipulator_x_teleop:/opt/ros/humble /usr/local/bin/cmake --install /home/koki/openmanipulator_ws/build/open_manipulator_x_description
[0.474s] -- Install configuration: ""
[0.474s] -- Execute custom install script
[0.475s] -- Symlinking: /home/koki/openmanipulator_ws/install/open_manipulator_x_description/share/open_manipulator_x_description/launch/.DS_Store
[0.476s] -- Symlinking: /home/koki/openmanipulator_ws/install/open_manipulator_x_description/share/open_manipulator_x_description/launch/open_manipulator_x_rviz.launch.py
[0.478s] -- Symlinking: /home/koki/openmanipulator_ws/install/open_manipulator_x_description/share/open_manipulator_x_description/meshes/chain_link1.stl
[0.479s] -- Symlinking: /home/koki/openmanipulator_ws/install/open_manipulator_x_description/share/open_manipulator_x_description/meshes/chain_link2.stl
[0.481s] -- Symlinking: /home/koki/openmanipulator_ws/install/open_manipulator_x_description/share/open_manipulator_x_description/meshes/chain_link3.stl
[0.482s] -- Symlinking: /home/koki/openmanipulator_ws/install/open_manipulator_x_description/share/open_manipulator_x_description/meshes/chain_link4.stl
[0.484s] -- Symlinking: /home/koki/openmanipulator_ws/install/open_manipulator_x_description/share/open_manipulator_x_description/meshes/chain_link5.stl
[0.485s] -- Symlinking: /home/koki/openmanipulator_ws/install/open_manipulator_x_description/share/open_manipulator_x_description/meshes/chain_link_grip_l.stl
[0.486s] -- Symlinking: /home/koki/openmanipulator_ws/install/open_manipulator_x_description/share/open_manipulator_x_description/meshes/chain_link_grip_r.stl
[0.488s] -- Symlinking: /home/koki/openmanipulator_ws/install/open_manipulator_x_description/share/open_manipulator_x_description/rviz/open_manipulator_x.rviz
[0.490s] -- Symlinking: /home/koki/openmanipulator_ws/install/open_manipulator_x_description/share/open_manipulator_x_description/urdf/materials.xacro
[0.491s] -- Symlinking: /home/koki/openmanipulator_ws/install/open_manipulator_x_description/share/open_manipulator_x_description/urdf/open_manipulator_x.gazebo.xacro
[0.493s] -- Symlinking: /home/koki/openmanipulator_ws/install/open_manipulator_x_description/share/open_manipulator_x_description/urdf/open_manipulator_x.transmission.xacro
[0.494s] -- Symlinking: /home/koki/openmanipulator_ws/install/open_manipulator_x_description/share/open_manipulator_x_description/urdf/open_manipulator_x.urdf.xacro
[0.496s] -- Symlinking: /home/koki/openmanipulator_ws/install/open_manipulator_x_description/share/open_manipulator_x_description/urdf/open_manipulator_x_robot.urdf.xacro
[0.498s] -- Symlinking: /home/koki/openmanipulator_ws/install/open_manipulator_x_description/share/ament_index/resource_index/package_run_dependencies/open_manipulator_x_description
[0.500s] -- Symlinking: /home/koki/openmanipulator_ws/install/open_manipulator_x_description/share/ament_index/resource_index/parent_prefix_path/open_manipulator_x_description
[0.501s] -- Symlinking: /home/koki/openmanipulator_ws/install/open_manipulator_x_description/share/open_manipulator_x_description/environment/ament_prefix_path.sh
[0.503s] -- Symlinking: /home/koki/openmanipulator_ws/install/open_manipulator_x_description/share/open_manipulator_x_description/environment/ament_prefix_path.dsv
[0.505s] -- Symlinking: /home/koki/openmanipulator_ws/install/open_manipulator_x_description/share/open_manipulator_x_description/environment/path.sh
[0.507s] -- Symlinking: /home/koki/openmanipulator_ws/install/open_manipulator_x_description/share/open_manipulator_x_description/environment/path.dsv
[0.509s] -- Symlinking: /home/koki/openmanipulator_ws/install/open_manipulator_x_description/share/open_manipulator_x_description/local_setup.bash
[0.511s] -- Symlinking: /home/koki/openmanipulator_ws/install/open_manipulator_x_description/share/open_manipulator_x_description/local_setup.sh
[0.513s] -- Symlinking: /home/koki/openmanipulator_ws/install/open_manipulator_x_description/share/open_manipulator_x_description/local_setup.zsh
[0.515s] -- Symlinking: /home/koki/openmanipulator_ws/install/open_manipulator_x_description/share/open_manipulator_x_description/local_setup.dsv
[0.517s] -- Symlinking: /home/koki/openmanipulator_ws/install/open_manipulator_x_description/share/open_manipulator_x_description/package.dsv
[0.520s] -- Symlinking: /home/koki/openmanipulator_ws/install/open_manipulator_x_description/share/ament_index/resource_index/packages/open_manipulator_x_description
[0.522s] -- Symlinking: /home/koki/openmanipulator_ws/install/open_manipulator_x_description/share/open_manipulator_x_description/cmake/open_manipulator_x_descriptionConfig.cmake
[0.524s] -- Symlinking: /home/koki/openmanipulator_ws/install/open_manipulator_x_description/share/open_manipulator_x_description/cmake/open_manipulator_x_descriptionConfig-version.cmake
[0.526s] -- Symlinking: /home/koki/openmanipulator_ws/install/open_manipulator_x_description/share/open_manipulator_x_description/package.xml
[0.563s] Invoked command in '/home/koki/openmanipulator_ws/build/open_manipulator_x_description' returned '0': CMAKE_PREFIX_PATH=${CMAKE_PREFIX_PATH}:/home/koki/openmanipulator_ws/install/open_manipulator_x_teleop:/opt/ros/humble /usr/local/bin/cmake --install /home/koki/openmanipulator_ws/build/open_manipulator_x_description
