[0.430s] Invoking command in '/home/koki/openmanipulator_ws/build/open_manipulator_x_teleop': CMAKE_PREFIX_PATH=/home/koki/openmanipulator_ws/install/open_manipulator_msgs:/home/koki/openmanipulator_ws/install/open_manipulator:/home/koki/openmanipulator_ws/install/open_manipulator_x_controller:/home/koki/openmanipulator_ws/install/open_manipulator_x_libs:/home/koki/openmanipulator_ws/install/robotis_manipulator:/home/koki/openmanipulator_ws/install/open_manipulator_x_description:/home/koki/openmanipulator_ws/install/dynamixel_workbench:/home/koki/openmanipulator_ws/install/dynamixel_workbench_toolbox:/home/koki/openmanipulator_ws/install/dynamixel_sdk_examples:/home/koki/openmanipulator_ws/install/dynamixel_sdk_custom_interfaces:/home/koki/openmanipulator_ws/install/dynamixel_sdk:/home/koki/openmanipulator_ws/install/cmake_modules LD_LIBRARY_PATH=/home/koki/openmanipulator_ws/install/open_manipulator_msgs/lib:/home/koki/openmanipulator_ws/install/open_manipulator_x_libs/lib:/home/koki/openmanipulator_ws/install/robotis_manipulator/lib:/home/koki/openmanipulator_ws/install/dynamixel_workbench_toolbox/lib:/home/koki/openmanipulator_ws/install/dynamixel_sdk_custom_interfaces/lib:/home/koki/openmanipulator_ws/install/dynamixel_sdk/lib:/usr/lib/x86_64-linux-gnu/gazebo-11/plugins:/opt/ros/humble/opt/rviz_ogre_vendor/lib:/opt/ros/humble/lib/x86_64-linux-gnu:/opt/ros/humble/lib:/usr/local/cuda/lib64 PYTHONPATH=/home/koki/openmanipulator_ws/build/open_manipulator_x_teleop/prefix_override:/home/koki/openmanipulator_ws/install/open_manipulator_x_teleop/lib/python3.10/site-packages:${PYTHONPATH} /usr/bin/python3 setup.py develop --editable --build-directory /home/koki/openmanipulator_ws/build/open_manipulator_x_teleop/build --no-deps install_data
[0.560s] running develop
[0.561s] /usr/lib/python3/dist-packages/setuptools/command/easy_install.py:158: EasyInstallDeprecationWarning: easy_install command is deprecated. Use build and pip and other standards-based tools.
[0.561s]   warnings.warn(
[0.562s] /usr/lib/python3/dist-packages/setuptools/command/install.py:34: SetuptoolsDeprecationWarning: setup.py install is deprecated. Use build and pip and other standards-based tools.
[0.562s]   warnings.warn(
[0.640s] running egg_info
[0.640s] creating open_manipulator_x_teleop.egg-info
[0.640s] writing open_manipulator_x_teleop.egg-info/PKG-INFO
[0.641s] writing dependency_links to open_manipulator_x_teleop.egg-info/dependency_links.txt
[0.641s] writing entry points to open_manipulator_x_teleop.egg-info/entry_points.txt
[0.641s] writing requirements to open_manipulator_x_teleop.egg-info/requires.txt
[0.641s] writing top-level names to open_manipulator_x_teleop.egg-info/top_level.txt
[0.641s] writing manifest file 'open_manipulator_x_teleop.egg-info/SOURCES.txt'
[0.641s] reading manifest file 'open_manipulator_x_teleop.egg-info/SOURCES.txt'
[0.642s] writing manifest file 'open_manipulator_x_teleop.egg-info/SOURCES.txt'
[0.664s] running build_ext
[0.665s] Creating /home/koki/openmanipulator_ws/install/open_manipulator_x_teleop/lib/python3.10/site-packages/open-manipulator-x-teleop.egg-link (link to .)
[0.665s] Installing teleop_keyboard script to /home/koki/openmanipulator_ws/install/open_manipulator_x_teleop/lib/open_manipulator_x_teleop
[0.665s] 
[0.665s] Installed /home/koki/openmanipulator_ws/build/open_manipulator_x_teleop
[0.665s] running install_data
[0.665s] creating /home/koki/openmanipulator_ws/install/open_manipulator_x_teleop/share/ament_index
[0.665s] creating /home/koki/openmanipulator_ws/install/open_manipulator_x_teleop/share/ament_index/resource_index
[0.665s] creating /home/koki/openmanipulator_ws/install/open_manipulator_x_teleop/share/ament_index/resource_index/packages
[0.665s] copying resource/open_manipulator_x_teleop -> /home/koki/openmanipulator_ws/install/open_manipulator_x_teleop/share/ament_index/resource_index/packages
[0.665s] copying package.xml -> /home/koki/openmanipulator_ws/install/open_manipulator_x_teleop/share/open_manipulator_x_teleop
[0.682s] Invoked command in '/home/koki/openmanipulator_ws/build/open_manipulator_x_teleop' returned '0': CMAKE_PREFIX_PATH=/home/koki/openmanipulator_ws/install/open_manipulator_msgs:/home/koki/openmanipulator_ws/install/open_manipulator:/home/koki/openmanipulator_ws/install/open_manipulator_x_controller:/home/koki/openmanipulator_ws/install/open_manipulator_x_libs:/home/koki/openmanipulator_ws/install/robotis_manipulator:/home/koki/openmanipulator_ws/install/open_manipulator_x_description:/home/koki/openmanipulator_ws/install/dynamixel_workbench:/home/koki/openmanipulator_ws/install/dynamixel_workbench_toolbox:/home/koki/openmanipulator_ws/install/dynamixel_sdk_examples:/home/koki/openmanipulator_ws/install/dynamixel_sdk_custom_interfaces:/home/koki/openmanipulator_ws/install/dynamixel_sdk:/home/koki/openmanipulator_ws/install/cmake_modules LD_LIBRARY_PATH=/home/koki/openmanipulator_ws/install/open_manipulator_msgs/lib:/home/koki/openmanipulator_ws/install/open_manipulator_x_libs/lib:/home/koki/openmanipulator_ws/install/robotis_manipulator/lib:/home/koki/openmanipulator_ws/install/dynamixel_workbench_toolbox/lib:/home/koki/openmanipulator_ws/install/dynamixel_sdk_custom_interfaces/lib:/home/koki/openmanipulator_ws/install/dynamixel_sdk/lib:/usr/lib/x86_64-linux-gnu/gazebo-11/plugins:/opt/ros/humble/opt/rviz_ogre_vendor/lib:/opt/ros/humble/lib/x86_64-linux-gnu:/opt/ros/humble/lib:/usr/local/cuda/lib64 PYTHONPATH=/home/koki/openmanipulator_ws/build/open_manipulator_x_teleop/prefix_override:/home/koki/openmanipulator_ws/install/open_manipulator_x_teleop/lib/python3.10/site-packages:${PYTHONPATH} /usr/bin/python3 setup.py develop --editable --build-directory /home/koki/openmanipulator_ws/build/open_manipulator_x_teleop/build --no-deps install_data
